[ 2018-12-08T10:47:08+08:00 ] 171.223.106.203 /index.php/api/pay/qrcode_chance?callback=flightHandler&_=1544237226546
INFO: [ app_init ] --START--
INFO: Run Behavior\BuildLiteBehavior [ RunTime:0.000000s ]
INFO: [ app_init ] --END-- [ RunTime:0.001953s ]
INFO: [ app_begin ] --START--
INFO: Run Behavior\ReadHtmlCacheBehavior [ RunTime:0.000000s ]
INFO: [ app_begin ] --END-- [ RunTime:0.000977s ]
INFO: [ app_end ] --START--
INFO: Run Behavior\ShowPageTraceBehavior [ RunTime:0.000000s ]
INFO: [ app_end ] --END-- [ RunTime:0.000000s ]

[ 2018-12-08T14:35:13+08:00 ] 47.52.175.41 /index.php/api/pay/codetime
INFO: [ app_init ] --START--
INFO: Run Behavior\BuildLiteBehavior [ RunTime:0.000000s ]
INFO: [ app_init ] --END-- [ RunTime:0.000000s ]
INFO: [ app_begin ] --START--
INFO: Run Behavior\ReadHtmlCacheBehavior [ RunTime:0.000977s ]
INFO: [ app_begin ] --END-- [ RunTime:0.000977s ]
SQL: SHOW COLUMNS FROM `p_order` [ RunTime:0.0264s ]
SQL: SELECT `codetime` FROM `p_order` WHERE ( order_number = 'OD181208143350000' ) LIMIT 1   [ RunTime:0.0127s ]
SQL: UPDATE `p_order` SET `codetime`='[\"2018-12-08 14:35:13\"]' WHERE ( order_number = 'OD181208143350000' ) [ RunTime:0.0752s ]
INFO: [ app_end ] --START--
INFO: Run Behavior\ShowPageTraceBehavior [ RunTime:0.000000s ]
INFO: [ app_end ] --END-- [ RunTime:0.000000s ]

[ 2018-12-08T14:35:27+08:00 ] 47.52.175.41 /index.php/api/pay/codetime
INFO: [ app_init ] --START--
INFO: Run Behavior\BuildLiteBehavior [ RunTime:0.000000s ]
INFO: [ app_init ] --END-- [ RunTime:0.000000s ]
INFO: [ app_begin ] --START--
INFO: Run Behavior\ReadHtmlCacheBehavior [ RunTime:0.000000s ]
INFO: [ app_begin ] --END-- [ RunTime:0.000000s ]
SQL: SHOW COLUMNS FROM `p_order` [ RunTime:0.0020s ]
SQL: SELECT `codetime` FROM `p_order` WHERE ( order_number = 'OD181208143350000' ) LIMIT 1   [ RunTime:0.0010s ]
SQL: UPDATE `p_order` SET `codetime`='[\"2018-12-08 14:35:27\"]' WHERE ( order_number = 'OD181208143350000' ) [ RunTime:0.0166s ]
INFO: [ app_end ] --START--
INFO: Run Behavior\ShowPageTraceBehavior [ RunTime:0.000000s ]
INFO: [ app_end ] --END-- [ RunTime:0.000000s ]

[ 2018-12-08T16:40:57+08:00 ] 47.52.175.41 /index.php/api/pay/codetime
INFO: [ app_init ] --START--
INFO: Run Behavior\BuildLiteBehavior [ RunTime:0.000000s ]
INFO: [ app_init ] --END-- [ RunTime:0.003906s ]
INFO: [ app_begin ] --START--
INFO: Run Behavior\ReadHtmlCacheBehavior [ RunTime:0.001953s ]
INFO: [ app_begin ] --END-- [ RunTime:0.001953s ]
SQL: SHOW COLUMNS FROM `p_order` [ RunTime:0.0664s ]
SQL: SELECT `codetime` FROM `p_order` WHERE ( order_number = 'OD181208164025000' ) LIMIT 1   [ RunTime:0.0195s ]
SQL: UPDATE `p_order` SET `codetime`='[\"2018-12-08 16:40:57\"]' WHERE ( order_number = 'OD181208164025000' ) [ RunTime:0.0215s ]
INFO: [ app_end ] --START--
INFO: Run Behavior\ShowPageTraceBehavior [ RunTime:0.001954s ]
INFO: [ app_end ] --END-- [ RunTime:0.001954s ]

[ 2018-12-08T16:48:30+08:00 ] 47.52.175.41 /index.php/api/pay/codetime
INFO: [ app_init ] --START--
INFO: Run Behavior\BuildLiteBehavior [ RunTime:0.000000s ]
INFO: [ app_init ] --END-- [ RunTime:0.000977s ]
INFO: [ app_begin ] --START--
INFO: Run Behavior\ReadHtmlCacheBehavior [ RunTime:0.000977s ]
INFO: [ app_begin ] --END-- [ RunTime:0.000977s ]
SQL: SHOW COLUMNS FROM `p_order` [ RunTime:0.0029s ]
SQL: SELECT `codetime` FROM `p_order` WHERE ( order_number = 'OD181208164025000' ) LIMIT 1   [ RunTime:0.0010s ]
SQL: UPDATE `p_order` SET `codetime`='[\"2018-12-08 16:48:30\"]' WHERE ( order_number = 'OD181208164025000' ) [ RunTime:0.0195s ]
INFO: [ app_end ] --START--
INFO: Run Behavior\ShowPageTraceBehavior [ RunTime:0.000977s ]
INFO: [ app_end ] --END-- [ RunTime:0.000977s ]

[ 2018-12-08T16:48:46+08:00 ] 47.52.175.41 /index.php/api/pay/codetime
INFO: [ app_init ] --START--
INFO: Run Behavior\BuildLiteBehavior [ RunTime:0.000000s ]
INFO: [ app_init ] --END-- [ RunTime:0.000977s ]
INFO: [ app_begin ] --START--
INFO: Run Behavior\ReadHtmlCacheBehavior [ RunTime:0.000976s ]
INFO: [ app_begin ] --END-- [ RunTime:0.000976s ]
SQL: SHOW COLUMNS FROM `p_order` [ RunTime:0.0029s ]
SQL: SELECT `codetime` FROM `p_order` WHERE ( order_number = 'OD181208164025000' ) LIMIT 1   [ RunTime:0.0020s ]
SQL: UPDATE `p_order` SET `codetime`='[\"2018-12-08 16:48:46\"]' WHERE ( order_number = 'OD181208164025000' ) [ RunTime:0.0186s ]
INFO: [ app_end ] --START--
INFO: Run Behavior\ShowPageTraceBehavior [ RunTime:0.000000s ]
INFO: [ app_end ] --END-- [ RunTime:0.000000s ]

[ 2018-12-08T16:49:15+08:00 ] 47.52.175.41 /index.php/api/pay/codetime
INFO: [ app_init ] --START--
INFO: Run Behavior\BuildLiteBehavior [ RunTime:0.000000s ]
INFO: [ app_init ] --END-- [ RunTime:0.000977s ]
INFO: [ app_begin ] --START--
INFO: Run Behavior\ReadHtmlCacheBehavior [ RunTime:0.000976s ]
INFO: [ app_begin ] --END-- [ RunTime:0.000976s ]
SQL: SHOW COLUMNS FROM `p_order` [ RunTime:0.0029s ]
SQL: SELECT `codetime` FROM `p_order` WHERE ( order_number = 'OD181208164926000' ) LIMIT 1   [ RunTime:0.0010s ]
SQL: UPDATE `p_order` SET `codetime`='[\"2018-12-08 16:49:15\"]' WHERE ( order_number = 'OD181208164926000' ) [ RunTime:0.0176s ]
INFO: [ app_end ] --START--
INFO: Run Behavior\ShowPageTraceBehavior [ RunTime:0.000977s ]
INFO: [ app_end ] --END-- [ RunTime:0.000977s ]

[ 2018-12-08T16:49:22+08:00 ] 47.52.175.41 /index.php/api/pay/codetime
INFO: [ app_init ] --START--
INFO: Run Behavior\BuildLiteBehavior [ RunTime:0.000000s ]
INFO: [ app_init ] --END-- [ RunTime:0.000000s ]
INFO: [ app_begin ] --START--
INFO: Run Behavior\ReadHtmlCacheBehavior [ RunTime:0.000000s ]
INFO: [ app_begin ] --END-- [ RunTime:0.000000s ]
SQL: SHOW COLUMNS FROM `p_order` [ RunTime:0.0029s ]
SQL: SELECT `codetime` FROM `p_order` WHERE ( order_number = 'OD181208164926000' ) LIMIT 1   [ RunTime:0.0010s ]
SQL: UPDATE `p_order` SET `codetime`='[\"2018-12-08 16:49:22\"]' WHERE ( order_number = 'OD181208164926000' ) [ RunTime:0.0186s ]
INFO: [ app_end ] --START--
INFO: Run Behavior\ShowPageTraceBehavior [ RunTime:0.000000s ]
INFO: [ app_end ] --END-- [ RunTime:0.000000s ]

[ 2018-12-08T16:50:03+08:00 ] 47.52.175.41 /index.php/api/pay/codetime
INFO: [ app_init ] --START--
INFO: Run Behavior\BuildLiteBehavior [ RunTime:0.000000s ]
INFO: [ app_init ] --END-- [ RunTime:0.000000s ]
INFO: [ app_begin ] --START--
INFO: Run Behavior\ReadHtmlCacheBehavior [ RunTime:0.000000s ]
INFO: [ app_begin ] --END-- [ RunTime:0.000000s ]
SQL: SHOW COLUMNS FROM `p_order` [ RunTime:0.0020s ]
SQL: SELECT `codetime` FROM `p_order` WHERE ( order_number = 'OD181208164927000' ) LIMIT 1   [ RunTime:0.0010s ]
SQL: UPDATE `p_order` SET `codetime`='[\"2018-12-08 16:50:03\"]' WHERE ( order_number = 'OD181208164927000' ) [ RunTime:0.0205s ]
INFO: [ app_end ] --START--
INFO: Run Behavior\ShowPageTraceBehavior [ RunTime:0.000000s ]
INFO: [ app_end ] --END-- [ RunTime:0.000000s ]

[ 2018-12-08T16:50:09+08:00 ] 47.52.175.41 /index.php/api/pay/codetime
INFO: [ app_init ] --START--
INFO: Run Behavior\BuildLiteBehavior [ RunTime:0.000000s ]
INFO: [ app_init ] --END-- [ RunTime:0.000000s ]
INFO: [ app_begin ] --START--
INFO: Run Behavior\ReadHtmlCacheBehavior [ RunTime:0.000000s ]
INFO: [ app_begin ] --END-- [ RunTime:0.000000s ]
SQL: SHOW COLUMNS FROM `p_order` [ RunTime:0.0029s ]
SQL: SELECT `codetime` FROM `p_order` WHERE ( order_number = 'OD181208164927000' ) LIMIT 1   [ RunTime:0.0010s ]
SQL: UPDATE `p_order` SET `codetime`='[\"2018-12-08 16:50:09\"]' WHERE ( order_number = 'OD181208164927000' ) [ RunTime:0.0176s ]
INFO: [ app_end ] --START--
INFO: Run Behavior\ShowPageTraceBehavior [ RunTime:0.000977s ]
INFO: [ app_end ] --END-- [ RunTime:0.000977s ]

[ 2018-12-08T16:50:15+08:00 ] 47.52.175.41 /index.php/api/pay/codetime
INFO: [ app_init ] --START--
INFO: Run Behavior\BuildLiteBehavior [ RunTime:0.000000s ]
INFO: [ app_init ] --END-- [ RunTime:0.000000s ]
INFO: [ app_begin ] --START--
INFO: Run Behavior\ReadHtmlCacheBehavior [ RunTime:0.000000s ]
INFO: [ app_begin ] --END-- [ RunTime:0.000000s ]
SQL: SHOW COLUMNS FROM `p_order` [ RunTime:0.0029s ]
SQL: SELECT `codetime` FROM `p_order` WHERE ( order_number = 'OD181208164927000' ) LIMIT 1   [ RunTime:0.0010s ]
SQL: UPDATE `p_order` SET `codetime`='[\"2018-12-08 16:50:15\"]' WHERE ( order_number = 'OD181208164927000' ) [ RunTime:0.0156s ]
INFO: [ app_end ] --START--
INFO: Run Behavior\ShowPageTraceBehavior [ RunTime:0.000000s ]
INFO: [ app_end ] --END-- [ RunTime:0.000000s ]

[ 2018-12-08T16:50:27+08:00 ] 47.52.175.41 /index.php/api/pay/codetime
INFO: [ app_init ] --START--
INFO: Run Behavior\BuildLiteBehavior [ RunTime:0.000000s ]
INFO: [ app_init ] --END-- [ RunTime:0.000000s ]
INFO: [ app_begin ] --START--
INFO: Run Behavior\ReadHtmlCacheBehavior [ RunTime:0.000000s ]
INFO: [ app_begin ] --END-- [ RunTime:0.000000s ]
SQL: SHOW COLUMNS FROM `p_order` [ RunTime:0.0029s ]
SQL: SELECT `codetime` FROM `p_order` WHERE ( order_number = 'OD181208164927000' ) LIMIT 1   [ RunTime:0.0020s ]
SQL: UPDATE `p_order` SET `codetime`='[\"2018-12-08 16:50:27\"]' WHERE ( order_number = 'OD181208164927000' ) [ RunTime:0.0186s ]
INFO: [ app_end ] --START--
INFO: Run Behavior\ShowPageTraceBehavior [ RunTime:0.000977s ]
INFO: [ app_end ] --END-- [ RunTime:0.000977s ]

[ 2018-12-08T16:50:35+08:00 ] 47.52.175.41 /index.php/api/pay/codetime
INFO: [ app_init ] --START--
INFO: Run Behavior\BuildLiteBehavior [ RunTime:0.000000s ]
INFO: [ app_init ] --END-- [ RunTime:0.000000s ]
INFO: [ app_begin ] --START--
INFO: Run Behavior\ReadHtmlCacheBehavior [ RunTime:0.000976s ]
INFO: [ app_begin ] --END-- [ RunTime:0.000976s ]
SQL: SHOW COLUMNS FROM `p_order` [ RunTime:0.0020s ]
SQL: SELECT `codetime` FROM `p_order` WHERE ( order_number = 'OD181208164025000' ) LIMIT 1   [ RunTime:0.0010s ]
SQL: UPDATE `p_order` SET `codetime`='[\"2018-12-08 16:50:35\"]' WHERE ( order_number = 'OD181208164025000' ) [ RunTime:0.0195s ]
INFO: [ app_end ] --START--
INFO: Run Behavior\ShowPageTraceBehavior [ RunTime:0.000977s ]
INFO: [ app_end ] --END-- [ RunTime:0.000977s ]

[ 2018-12-08T16:50:45+08:00 ] 47.52.175.41 /index.php/api/pay/codetime
INFO: [ app_init ] --START--
INFO: Run Behavior\BuildLiteBehavior [ RunTime:0.000000s ]
INFO: [ app_init ] --END-- [ RunTime:0.000000s ]
INFO: [ app_begin ] --START--
INFO: Run Behavior\ReadHtmlCacheBehavior [ RunTime:0.000000s ]
INFO: [ app_begin ] --END-- [ RunTime:0.000000s ]
SQL: SHOW COLUMNS FROM `p_order` [ RunTime:0.0029s ]
SQL: SELECT `codetime` FROM `p_order` WHERE ( order_number = 'OD181208164927000' ) LIMIT 1   [ RunTime:0.0010s ]
SQL: UPDATE `p_order` SET `codetime`='[\"2018-12-08 16:50:45\"]' WHERE ( order_number = 'OD181208164927000' ) [ RunTime:0.0186s ]
INFO: [ app_end ] --START--
INFO: Run Behavior\ShowPageTraceBehavior [ RunTime:0.000977s ]
INFO: [ app_end ] --END-- [ RunTime:0.000977s ]

[ 2018-12-08T16:50:45+08:00 ] 47.52.175.41 /index.php/api/pay/codetime
INFO: [ app_init ] --START--
INFO: Run Behavior\BuildLiteBehavior [ RunTime:0.000000s ]
INFO: [ app_init ] --END-- [ RunTime:0.000000s ]
INFO: [ app_begin ] --START--
INFO: Run Behavior\ReadHtmlCacheBehavior [ RunTime:0.000977s ]
INFO: [ app_begin ] --END-- [ RunTime:0.000977s ]
SQL: SHOW COLUMNS FROM `p_order` [ RunTime:0.0029s ]
SQL: SELECT `codetime` FROM `p_order` WHERE ( order_number = 'OD181208164025000' ) LIMIT 1   [ RunTime:0.0010s ]
SQL: UPDATE `p_order` SET `codetime`='[\"2018-12-08 16:50:45\"]' WHERE ( order_number = 'OD181208164025000' ) [ RunTime:0.0176s ]
INFO: [ app_end ] --START--
INFO: Run Behavior\ShowPageTraceBehavior [ RunTime:0.000977s ]
INFO: [ app_end ] --END-- [ RunTime:0.000977s ]

[ 2018-12-08T16:50:57+08:00 ] 47.52.175.41 /index.php/api/pay/codetime
INFO: [ app_init ] --START--
INFO: Run Behavior\BuildLiteBehavior [ RunTime:0.000000s ]
INFO: [ app_init ] --END-- [ RunTime:0.000000s ]
INFO: [ app_begin ] --START--
INFO: Run Behavior\ReadHtmlCacheBehavior [ RunTime:0.000000s ]
INFO: [ app_begin ] --END-- [ RunTime:0.000000s ]
SQL: SHOW COLUMNS FROM `p_order` [ RunTime:0.0029s ]
SQL: SELECT `codetime` FROM `p_order` WHERE ( order_number = 'OD181208164025000' ) LIMIT 1   [ RunTime:0.0010s ]
SQL: UPDATE `p_order` SET `codetime`='[\"2018-12-08 16:50:57\"]' WHERE ( order_number = 'OD181208164025000' ) [ RunTime:0.0186s ]
INFO: [ app_end ] --START--
INFO: Run Behavior\ShowPageTraceBehavior [ RunTime:0.000000s ]
INFO: [ app_end ] --END-- [ RunTime:0.000000s ]

[ 2018-12-08T16:51:06+08:00 ] 47.52.175.41 /index.php/api/pay/codetime
INFO: [ app_init ] --START--
INFO: Run Behavior\BuildLiteBehavior [ RunTime:0.000000s ]
INFO: [ app_init ] --END-- [ RunTime:0.000000s ]
INFO: [ app_begin ] --START--
INFO: Run Behavior\ReadHtmlCacheBehavior [ RunTime:0.000977s ]
INFO: [ app_begin ] --END-- [ RunTime:0.000977s ]
SQL: SHOW COLUMNS FROM `p_order` [ RunTime:0.0020s ]
SQL: SELECT `codetime` FROM `p_order` WHERE ( order_number = 'OD181208165028000' ) LIMIT 1   [ RunTime:0.0020s ]
SQL: UPDATE `p_order` SET `codetime`='[\"2018-12-08 16:51:06\"]' WHERE ( order_number = 'OD181208165028000' ) [ RunTime:0.0176s ]
INFO: [ app_end ] --START--
INFO: Run Behavior\ShowPageTraceBehavior [ RunTime:0.000000s ]
INFO: [ app_end ] --END-- [ RunTime:0.000000s ]

[ 2018-12-08T16:51:18+08:00 ] 47.52.175.41 /index.php/api/pay/codetime
INFO: [ app_init ] --START--
INFO: Run Behavior\BuildLiteBehavior [ RunTime:0.000000s ]
INFO: [ app_init ] --END-- [ RunTime:0.000000s ]
INFO: [ app_begin ] --START--
INFO: Run Behavior\ReadHtmlCacheBehavior [ RunTime:0.000000s ]
INFO: [ app_begin ] --END-- [ RunTime:0.000000s ]
SQL: SHOW COLUMNS FROM `p_order` [ RunTime:0.0020s ]
SQL: SELECT `codetime` FROM `p_order` WHERE ( order_number = 'OD181208165028000' ) LIMIT 1   [ RunTime:0.0010s ]
SQL: UPDATE `p_order` SET `codetime`='[\"2018-12-08 16:51:18\"]' WHERE ( order_number = 'OD181208165028000' ) [ RunTime:0.0186s ]
INFO: [ app_end ] --START--
INFO: Run Behavior\ShowPageTraceBehavior [ RunTime:0.000000s ]
INFO: [ app_end ] --END-- [ RunTime:0.000000s ]

[ 2018-12-08T16:51:24+08:00 ] 47.52.175.41 /index.php/api/pay/codetime
INFO: [ app_init ] --START--
INFO: Run Behavior\BuildLiteBehavior [ RunTime:0.000000s ]
INFO: [ app_init ] --END-- [ RunTime:0.000000s ]
INFO: [ app_begin ] --START--
INFO: Run Behavior\ReadHtmlCacheBehavior [ RunTime:0.000000s ]
INFO: [ app_begin ] --END-- [ RunTime:0.000000s ]
SQL: SHOW COLUMNS FROM `p_order` [ RunTime:0.0020s ]
SQL: SELECT `codetime` FROM `p_order` WHERE ( order_number = 'OD181208164025000' ) LIMIT 1   [ RunTime:0.0010s ]
SQL: UPDATE `p_order` SET `codetime`='[\"2018-12-08 16:51:24\"]' WHERE ( order_number = 'OD181208164025000' ) [ RunTime:0.0186s ]
INFO: [ app_end ] --START--
INFO: Run Behavior\ShowPageTraceBehavior [ RunTime:0.000000s ]
INFO: [ app_end ] --END-- [ RunTime:0.000000s ]

[ 2018-12-08T16:51:25+08:00 ] 47.52.175.41 /index.php/api/pay/codetime
INFO: [ app_init ] --START--
INFO: Run Behavior\BuildLiteBehavior [ RunTime:0.000000s ]
INFO: [ app_init ] --END-- [ RunTime:0.000977s ]
INFO: [ app_begin ] --START--
INFO: Run Behavior\ReadHtmlCacheBehavior [ RunTime:0.000977s ]
INFO: [ app_begin ] --END-- [ RunTime:0.000977s ]
SQL: SHOW COLUMNS FROM `p_order` [ RunTime:0.0020s ]
SQL: SELECT `codetime` FROM `p_order` WHERE ( order_number = 'OD181208164025000' ) LIMIT 1   [ RunTime:0.0010s ]
SQL: UPDATE `p_order` SET `codetime`='[\"2018-12-08 16:51:25\"]' WHERE ( order_number = 'OD181208164025000' ) [ RunTime:0.0186s ]
INFO: [ app_end ] --START--
INFO: Run Behavior\ShowPageTraceBehavior [ RunTime:0.000000s ]
INFO: [ app_end ] --END-- [ RunTime:0.000000s ]

[ 2018-12-08T16:51:26+08:00 ] 47.52.175.41 /index.php/api/pay/codetime
INFO: [ app_init ] --START--
INFO: Run Behavior\BuildLiteBehavior [ RunTime:0.000000s ]
INFO: [ app_init ] --END-- [ RunTime:0.000000s ]
INFO: [ app_begin ] --START--
INFO: Run Behavior\ReadHtmlCacheBehavior [ RunTime:0.000976s ]
INFO: [ app_begin ] --END-- [ RunTime:0.000976s ]
SQL: SHOW COLUMNS FROM `p_order` [ RunTime:0.0039s ]
SQL: SELECT `codetime` FROM `p_order` WHERE ( order_number = 'OD181208164025000' ) LIMIT 1   [ RunTime:0.0020s ]
SQL: UPDATE `p_order` SET `codetime`='[\"2018-12-08 16:51:26\"]' WHERE ( order_number = 'OD181208164025000' ) [ RunTime:0.0176s ]
INFO: [ app_end ] --START--
INFO: Run Behavior\ShowPageTraceBehavior [ RunTime:0.000000s ]
INFO: [ app_end ] --END-- [ RunTime:0.000000s ]

[ 2018-12-08T16:51:31+08:00 ] 47.52.175.41 /index.php/api/pay/codetime
INFO: [ app_init ] --START--
INFO: Run Behavior\BuildLiteBehavior [ RunTime:0.000000s ]
INFO: [ app_init ] --END-- [ RunTime:0.000977s ]
INFO: [ app_begin ] --START--
INFO: Run Behavior\ReadHtmlCacheBehavior [ RunTime:0.000976s ]
INFO: [ app_begin ] --END-- [ RunTime:0.000976s ]
SQL: SHOW COLUMNS FROM `p_order` [ RunTime:0.0020s ]
SQL: SELECT `codetime` FROM `p_order` WHERE ( order_number = 'OD181208164025000' ) LIMIT 1   [ RunTime:0.0010s ]
SQL: UPDATE `p_order` SET `codetime`='[\"2018-12-08 16:51:31\"]' WHERE ( order_number = 'OD181208164025000' ) [ RunTime:0.0186s ]
INFO: [ app_end ] --START--
INFO: Run Behavior\ShowPageTraceBehavior [ RunTime:0.000000s ]
INFO: [ app_end ] --END-- [ RunTime:0.000000s ]

[ 2018-12-08T16:51:35+08:00 ] 47.52.175.41 /index.php/api/pay/codetime
INFO: [ app_init ] --START--
INFO: Run Behavior\BuildLiteBehavior [ RunTime:0.000000s ]
INFO: [ app_init ] --END-- [ RunTime:0.000000s ]
INFO: [ app_begin ] --START--
INFO: Run Behavior\ReadHtmlCacheBehavior [ RunTime:0.000000s ]
INFO: [ app_begin ] --END-- [ RunTime:0.000000s ]
SQL: SHOW COLUMNS FROM `p_order` [ RunTime:0.0029s ]
SQL: SELECT `codetime` FROM `p_order` WHERE ( order_number = 'OD181208164025000' ) LIMIT 1   [ RunTime:0.0010s ]
SQL: UPDATE `p_order` SET `codetime`='[\"2018-12-08 16:51:35\"]' WHERE ( order_number = 'OD181208164025000' ) [ RunTime:0.0186s ]
INFO: [ app_end ] --START--
INFO: Run Behavior\ShowPageTraceBehavior [ RunTime:0.000000s ]
INFO: [ app_end ] --END-- [ RunTime:0.000000s ]

[ 2018-12-08T16:51:39+08:00 ] 47.52.175.41 /index.php/api/pay/codetime
INFO: [ app_init ] --START--
INFO: Run Behavior\BuildLiteBehavior [ RunTime:0.000000s ]
INFO: [ app_init ] --END-- [ RunTime:0.000000s ]
INFO: [ app_begin ] --START--
INFO: Run Behavior\ReadHtmlCacheBehavior [ RunTime:0.000000s ]
INFO: [ app_begin ] --END-- [ RunTime:0.000000s ]
SQL: SHOW COLUMNS FROM `p_order` [ RunTime:0.0029s ]
SQL: SELECT `codetime` FROM `p_order` WHERE ( order_number = 'OD181208164025000' ) LIMIT 1   [ RunTime:0.0010s ]
SQL: UPDATE `p_order` SET `codetime`='[\"2018-12-08 16:51:38\"]' WHERE ( order_number = 'OD181208164025000' ) [ RunTime:0.0186s ]
INFO: [ app_end ] --START--
INFO: Run Behavior\ShowPageTraceBehavior [ RunTime:0.000977s ]
INFO: [ app_end ] --END-- [ RunTime:0.000977s ]

[ 2018-12-08T16:51:56+08:00 ] 47.52.175.41 /index.php/api/pay/codetime
INFO: [ app_init ] --START--
INFO: Run Behavior\BuildLiteBehavior [ RunTime:0.000000s ]
INFO: [ app_init ] --END-- [ RunTime:0.000976s ]
INFO: [ app_begin ] --START--
INFO: Run Behavior\ReadHtmlCacheBehavior [ RunTime:0.000977s ]
INFO: [ app_begin ] --END-- [ RunTime:0.000977s ]
SQL: SHOW COLUMNS FROM `p_order` [ RunTime:0.0029s ]
SQL: SELECT `codetime` FROM `p_order` WHERE ( order_number = 'OD181208164926000' ) LIMIT 1   [ RunTime:0.0010s ]
SQL: UPDATE `p_order` SET `codetime`='[\"2018-12-08 16:51:56\"]' WHERE ( order_number = 'OD181208164926000' ) [ RunTime:0.0176s ]
INFO: [ app_end ] --START--
INFO: Run Behavior\ShowPageTraceBehavior [ RunTime:0.000976s ]
INFO: [ app_end ] --END-- [ RunTime:0.000976s ]

[ 2018-12-08T16:52:00+08:00 ] 47.52.175.41 /index.php/api/pay/codetime
INFO: [ app_init ] --START--
INFO: Run Behavior\BuildLiteBehavior [ RunTime:0.000000s ]
INFO: [ app_init ] --END-- [ RunTime:0.000000s ]
INFO: [ app_begin ] --START--
INFO: Run Behavior\ReadHtmlCacheBehavior [ RunTime:0.000000s ]
INFO: [ app_begin ] --END-- [ RunTime:0.000000s ]
SQL: SHOW COLUMNS FROM `p_order` [ RunTime:0.0020s ]
SQL: SELECT `codetime` FROM `p_order` WHERE ( order_number = 'OD181208164025000' ) LIMIT 1   [ RunTime:0.0010s ]
SQL: UPDATE `p_order` SET `codetime`='[\"2018-12-08 16:52:00\"]' WHERE ( order_number = 'OD181208164025000' ) [ RunTime:0.0176s ]
INFO: [ app_end ] --START--
INFO: Run Behavior\ShowPageTraceBehavior [ RunTime:0.000000s ]
INFO: [ app_end ] --END-- [ RunTime:0.000977s ]

[ 2018-12-08T16:52:01+08:00 ] 47.52.175.41 /index.php/api/pay/codetime
INFO: [ app_init ] --START--
INFO: Run Behavior\BuildLiteBehavior [ RunTime:0.000000s ]
INFO: [ app_init ] --END-- [ RunTime:0.000977s ]
INFO: [ app_begin ] --START--
INFO: Run Behavior\ReadHtmlCacheBehavior [ RunTime:0.000977s ]
INFO: [ app_begin ] --END-- [ RunTime:0.000977s ]
SQL: SHOW COLUMNS FROM `p_order` [ RunTime:0.0029s ]
SQL: SELECT `codetime` FROM `p_order` WHERE ( order_number = 'OD181208164926000' ) LIMIT 1   [ RunTime:0.0010s ]
SQL: UPDATE `p_order` SET `codetime`='[\"2018-12-08 16:52:01\"]' WHERE ( order_number = 'OD181208164926000' ) [ RunTime:0.0176s ]
INFO: [ app_end ] --START--
INFO: Run Behavior\ShowPageTraceBehavior [ RunTime:0.000977s ]
INFO: [ app_end ] --END-- [ RunTime:0.000977s ]

[ 2018-12-08T16:52:05+08:00 ] 47.52.175.41 /index.php/api/pay/codetime
INFO: [ app_init ] --START--
INFO: Run Behavior\BuildLiteBehavior [ RunTime:0.000000s ]
INFO: [ app_init ] --END-- [ RunTime:0.000000s ]
INFO: [ app_begin ] --START--
INFO: Run Behavior\ReadHtmlCacheBehavior [ RunTime:0.000000s ]
INFO: [ app_begin ] --END-- [ RunTime:0.000000s ]
SQL: SHOW COLUMNS FROM `p_order` [ RunTime:0.0029s ]
SQL: SELECT `codetime` FROM `p_order` WHERE ( order_number = 'OD181208164926000' ) LIMIT 1   [ RunTime:0.0010s ]
SQL: UPDATE `p_order` SET `codetime`='[\"2018-12-08 16:52:05\"]' WHERE ( order_number = 'OD181208164926000' ) [ RunTime:0.0195s ]
INFO: [ app_end ] --START--
INFO: Run Behavior\ShowPageTraceBehavior [ RunTime:0.000000s ]
INFO: [ app_end ] --END-- [ RunTime:0.000000s ]

[ 2018-12-08T16:52:06+08:00 ] 47.52.175.41 /index.php/api/pay/codetime
INFO: [ app_init ] --START--
INFO: Run Behavior\BuildLiteBehavior [ RunTime:0.000000s ]
INFO: [ app_init ] --END-- [ RunTime:0.000000s ]
INFO: [ app_begin ] --START--
INFO: Run Behavior\ReadHtmlCacheBehavior [ RunTime:0.000000s ]
INFO: [ app_begin ] --END-- [ RunTime:0.000000s ]
SQL: SHOW COLUMNS FROM `p_order` [ RunTime:0.0020s ]
SQL: SELECT `codetime` FROM `p_order` WHERE ( order_number = 'OD181208164025000' ) LIMIT 1   [ RunTime:0.0020s ]
SQL: UPDATE `p_order` SET `codetime`='[\"2018-12-08 16:52:06\"]' WHERE ( order_number = 'OD181208164025000' ) [ RunTime:0.0176s ]
INFO: [ app_end ] --START--
INFO: Run Behavior\ShowPageTraceBehavior [ RunTime:0.000000s ]
INFO: [ app_end ] --END-- [ RunTime:0.000000s ]

[ 2018-12-08T16:52:10+08:00 ] 47.52.175.41 /index.php/api/pay/codetime
INFO: [ app_init ] --START--
INFO: Run Behavior\BuildLiteBehavior [ RunTime:0.000000s ]
INFO: [ app_init ] --END-- [ RunTime:0.000000s ]
INFO: [ app_begin ] --START--
INFO: Run Behavior\ReadHtmlCacheBehavior [ RunTime:0.000000s ]
INFO: [ app_begin ] --END-- [ RunTime:0.000000s ]
SQL: SHOW COLUMNS FROM `p_order` [ RunTime:0.0029s ]
SQL: SELECT `codetime` FROM `p_order` WHERE ( order_number = 'OD181208164025000' ) LIMIT 1   [ RunTime:0.0010s ]
SQL: UPDATE `p_order` SET `codetime`='[\"2018-12-08 16:52:10\"]' WHERE ( order_number = 'OD181208164025000' ) [ RunTime:0.0166s ]
INFO: [ app_end ] --START--
INFO: Run Behavior\ShowPageTraceBehavior [ RunTime:0.000000s ]
INFO: [ app_end ] --END-- [ RunTime:0.000000s ]

[ 2018-12-08T16:52:12+08:00 ] 47.52.175.41 /index.php/api/pay/codetime
INFO: [ app_init ] --START--
INFO: Run Behavior\BuildLiteBehavior [ RunTime:0.000000s ]
INFO: [ app_init ] --END-- [ RunTime:0.000976s ]
INFO: [ app_begin ] --START--
INFO: Run Behavior\ReadHtmlCacheBehavior [ RunTime:0.000977s ]
INFO: [ app_begin ] --END-- [ RunTime:0.000977s ]
SQL: SHOW COLUMNS FROM `p_order` [ RunTime:0.0029s ]
SQL: SELECT `codetime` FROM `p_order` WHERE ( order_number = 'OD181208165229000' ) LIMIT 1   [ RunTime:0.0010s ]
SQL: UPDATE `p_order` SET `codetime`='[\"2018-12-08 16:52:11\"]' WHERE ( order_number = 'OD181208165229000' ) [ RunTime:0.0176s ]
INFO: [ app_end ] --START--
INFO: Run Behavior\ShowPageTraceBehavior [ RunTime:0.000000s ]
INFO: [ app_end ] --END-- [ RunTime:0.000000s ]

[ 2018-12-08T16:52:12+08:00 ] 47.52.175.41 /index.php/api/pay/codetime
INFO: [ app_init ] --START--
INFO: Run Behavior\BuildLiteBehavior [ RunTime:0.000000s ]
INFO: [ app_init ] --END-- [ RunTime:0.000977s ]
INFO: [ app_begin ] --START--
INFO: Run Behavior\ReadHtmlCacheBehavior [ RunTime:0.000977s ]
INFO: [ app_begin ] --END-- [ RunTime:0.000977s ]
SQL: SHOW COLUMNS FROM `p_order` [ RunTime:0.0029s ]
SQL: SELECT `codetime` FROM `p_order` WHERE ( order_number = 'OD181208164926000' ) LIMIT 1   [ RunTime:0.0010s ]
SQL: UPDATE `p_order` SET `codetime`='[\"2018-12-08 16:52:12\"]' WHERE ( order_number = 'OD181208164926000' ) [ RunTime:0.0166s ]
INFO: [ app_end ] --START--
INFO: Run Behavior\ShowPageTraceBehavior [ RunTime:0.000977s ]
INFO: [ app_end ] --END-- [ RunTime:0.000977s ]

[ 2018-12-08T16:52:15+08:00 ] 47.52.175.41 /index.php/api/pay/codetime
INFO: [ app_init ] --START--
INFO: Run Behavior\BuildLiteBehavior [ RunTime:0.000000s ]
INFO: [ app_init ] --END-- [ RunTime:0.000977s ]
INFO: [ app_begin ] --START--
INFO: Run Behavior\ReadHtmlCacheBehavior [ RunTime:0.000976s ]
INFO: [ app_begin ] --END-- [ RunTime:0.000976s ]
SQL: SHOW COLUMNS FROM `p_order` [ RunTime:0.0029s ]
SQL: SELECT `codetime` FROM `p_order` WHERE ( order_number = 'OD181208164025000' ) LIMIT 1   [ RunTime:0.0020s ]
SQL: UPDATE `p_order` SET `codetime`='[\"2018-12-08 16:52:15\"]' WHERE ( order_number = 'OD181208164025000' ) [ RunTime:0.0166s ]
INFO: [ app_end ] --START--
INFO: Run Behavior\ShowPageTraceBehavior [ RunTime:0.000000s ]
INFO: [ app_end ] --END-- [ RunTime:0.000000s ]

[ 2018-12-08T16:52:26+08:00 ] 47.52.175.41 /index.php/api/pay/codetime
INFO: [ app_init ] --START--
INFO: Run Behavior\BuildLiteBehavior [ RunTime:0.000000s ]
INFO: [ app_init ] --END-- [ RunTime:0.000000s ]
INFO: [ app_begin ] --START--
INFO: Run Behavior\ReadHtmlCacheBehavior [ RunTime:0.000000s ]
INFO: [ app_begin ] --END-- [ RunTime:0.000000s ]
SQL: SHOW COLUMNS FROM `p_order` [ RunTime:0.0020s ]
SQL: SELECT `codetime` FROM `p_order` WHERE ( order_number = 'OD181208164025000' ) LIMIT 1   [ RunTime:0.0020s ]
SQL: UPDATE `p_order` SET `codetime`='[\"2018-12-08 16:52:26\"]' WHERE ( order_number = 'OD181208164025000' ) [ RunTime:0.0156s ]
INFO: [ app_end ] --START--
INFO: Run Behavior\ShowPageTraceBehavior [ RunTime:0.000976s ]
INFO: [ app_end ] --END-- [ RunTime:0.000976s ]

[ 2018-12-08T16:52:28+08:00 ] 47.52.175.41 /index.php/api/pay/codetime
INFO: [ app_init ] --START--
INFO: Run Behavior\BuildLiteBehavior [ RunTime:0.000000s ]
INFO: [ app_init ] --END-- [ RunTime:0.000976s ]
INFO: [ app_begin ] --START--
INFO: Run Behavior\ReadHtmlCacheBehavior [ RunTime:0.000977s ]
INFO: [ app_begin ] --END-- [ RunTime:0.000977s ]
SQL: SHOW COLUMNS FROM `p_order` [ RunTime:0.0020s ]
SQL: SELECT `codetime` FROM `p_order` WHERE ( order_number = 'OD181208164926000' ) LIMIT 1   [ RunTime:0.0010s ]
SQL: UPDATE `p_order` SET `codetime`='[\"2018-12-08 16:52:28\"]' WHERE ( order_number = 'OD181208164926000' ) [ RunTime:0.0166s ]
INFO: [ app_end ] --START--
INFO: Run Behavior\ShowPageTraceBehavior [ RunTime:0.000976s ]
INFO: [ app_end ] --END-- [ RunTime:0.000976s ]

[ 2018-12-08T16:57:25+08:00 ] 47.52.175.41 /index.php/api/pay/codetime
INFO: [ app_init ] --START--
INFO: Run Behavior\BuildLiteBehavior [ RunTime:0.000000s ]
INFO: [ app_init ] --END-- [ RunTime:0.000000s ]
INFO: [ app_begin ] --START--
INFO: Run Behavior\ReadHtmlCacheBehavior [ RunTime:0.000000s ]
INFO: [ app_begin ] --END-- [ RunTime:0.000977s ]
SQL: SHOW COLUMNS FROM `p_order` [ RunTime:0.0029s ]
SQL: SELECT `codetime` FROM `p_order` WHERE ( order_number = 'OD181208164926000' ) LIMIT 1   [ RunTime:0.0020s ]
SQL: UPDATE `p_order` SET `codetime`='[\"2018-12-08 16:57:25\"]' WHERE ( order_number = 'OD181208164926000' ) [ RunTime:0.0166s ]
INFO: [ app_end ] --START--
INFO: Run Behavior\ShowPageTraceBehavior [ RunTime:0.000976s ]
INFO: [ app_end ] --END-- [ RunTime:0.000976s ]

[ 2018-12-08T16:57:59+08:00 ] 47.52.175.41 /index.php/api/pay/codetime
INFO: [ app_init ] --START--
INFO: Run Behavior\BuildLiteBehavior [ RunTime:0.000000s ]
INFO: [ app_init ] --END-- [ RunTime:0.000976s ]
INFO: [ app_begin ] --START--
INFO: Run Behavior\ReadHtmlCacheBehavior [ RunTime:0.000977s ]
INFO: [ app_begin ] --END-- [ RunTime:0.000977s ]
SQL: SHOW COLUMNS FROM `p_order` [ RunTime:0.0029s ]
SQL: SELECT `codetime` FROM `p_order` WHERE ( order_number = 'OD181208165730000' ) LIMIT 1   [ RunTime:0.0010s ]
SQL: UPDATE `p_order` SET `codetime`='[\"2018-12-08 16:57:59\"]' WHERE ( order_number = 'OD181208165730000' ) [ RunTime:0.0156s ]
INFO: [ app_end ] --START--
INFO: Run Behavior\ShowPageTraceBehavior [ RunTime:0.000977s ]
INFO: [ app_end ] --END-- [ RunTime:0.000977s ]

[ 2018-12-08T16:58:15+08:00 ] 47.52.175.41 /index.php/api/pay/codetime
INFO: [ app_init ] --START--
INFO: Run Behavior\BuildLiteBehavior [ RunTime:0.000000s ]
INFO: [ app_init ] --END-- [ RunTime:0.000977s ]
INFO: [ app_begin ] --START--
INFO: Run Behavior\ReadHtmlCacheBehavior [ RunTime:0.000976s ]
INFO: [ app_begin ] --END-- [ RunTime:0.000976s ]
SQL: SHOW COLUMNS FROM `p_order` [ RunTime:0.0020s ]
SQL: SELECT `codetime` FROM `p_order` WHERE ( order_number = 'OD181208165730000' ) LIMIT 1   [ RunTime:0.0010s ]
SQL: UPDATE `p_order` SET `codetime`='[\"2018-12-08 16:58:15\"]' WHERE ( order_number = 'OD181208165730000' ) [ RunTime:0.0166s ]
INFO: [ app_end ] --START--
INFO: Run Behavior\ShowPageTraceBehavior [ RunTime:0.000977s ]
INFO: [ app_end ] --END-- [ RunTime:0.000977s ]

[ 2018-12-08T16:58:22+08:00 ] 47.52.175.41 /index.php/api/pay/codetime
INFO: [ app_init ] --START--
INFO: Run Behavior\BuildLiteBehavior [ RunTime:0.000000s ]
INFO: [ app_init ] --END-- [ RunTime:0.000976s ]
INFO: [ app_begin ] --START--
INFO: Run Behavior\ReadHtmlCacheBehavior [ RunTime:0.000977s ]
INFO: [ app_begin ] --END-- [ RunTime:0.000977s ]
SQL: SHOW COLUMNS FROM `p_order` [ RunTime:0.0029s ]
SQL: SELECT `codetime` FROM `p_order` WHERE ( order_number = 'OD181208165730000' ) LIMIT 1   [ RunTime:0.0010s ]
SQL: UPDATE `p_order` SET `codetime`='[\"2018-12-08 16:58:22\"]' WHERE ( order_number = 'OD181208165730000' ) [ RunTime:0.0166s ]
INFO: [ app_end ] --START--
INFO: Run Behavior\ShowPageTraceBehavior [ RunTime:0.000000s ]
INFO: [ app_end ] --END-- [ RunTime:0.000000s ]

[ 2018-12-08T16:58:48+08:00 ] 47.52.175.41 /index.php/api/pay/codetime
INFO: [ app_init ] --START--
INFO: Run Behavior\BuildLiteBehavior [ RunTime:0.000000s ]
INFO: [ app_init ] --END-- [ RunTime:0.000976s ]
INFO: [ app_begin ] --START--
INFO: Run Behavior\ReadHtmlCacheBehavior [ RunTime:0.000977s ]
INFO: [ app_begin ] --END-- [ RunTime:0.000977s ]
SQL: SHOW COLUMNS FROM `p_order` [ RunTime:0.0029s ]
SQL: SELECT `codetime` FROM `p_order` WHERE ( order_number = 'OD181208165831000' ) LIMIT 1   [ RunTime:0.0020s ]
SQL: UPDATE `p_order` SET `codetime`='[\"2018-12-08 16:58:48\"]' WHERE ( order_number = 'OD181208165831000' ) [ RunTime:0.0166s ]
INFO: [ app_end ] --START--
INFO: Run Behavior\ShowPageTraceBehavior [ RunTime:0.000000s ]
INFO: [ app_end ] --END-- [ RunTime:0.000000s ]

[ 2018-12-08T16:58:53+08:00 ] 47.52.175.41 /index.php/api/pay/codetime
INFO: [ app_init ] --START--
INFO: Run Behavior\BuildLiteBehavior [ RunTime:0.000000s ]
INFO: [ app_init ] --END-- [ RunTime:0.000977s ]
INFO: [ app_begin ] --START--
INFO: Run Behavior\ReadHtmlCacheBehavior [ RunTime:0.000976s ]
INFO: [ app_begin ] --END-- [ RunTime:0.000976s ]
SQL: SHOW COLUMNS FROM `p_order` [ RunTime:0.0029s ]
SQL: SELECT `codetime` FROM `p_order` WHERE ( order_number = 'OD181208165831000' ) LIMIT 1   [ RunTime:0.0010s ]
SQL: UPDATE `p_order` SET `codetime`='[\"2018-12-08 16:58:53\"]' WHERE ( order_number = 'OD181208165831000' ) [ RunTime:0.0166s ]
INFO: [ app_end ] --START--
INFO: Run Behavior\ShowPageTraceBehavior [ RunTime:0.000000s ]
INFO: [ app_end ] --END-- [ RunTime:0.000000s ]

[ 2018-12-08T16:58:58+08:00 ] 47.52.175.41 /index.php/api/pay/codetime
INFO: [ app_init ] --START--
INFO: Run Behavior\BuildLiteBehavior [ RunTime:0.000000s ]
INFO: [ app_init ] --END-- [ RunTime:0.000000s ]
INFO: [ app_begin ] --START--
INFO: Run Behavior\ReadHtmlCacheBehavior [ RunTime:0.000977s ]
INFO: [ app_begin ] --END-- [ RunTime:0.000977s ]
SQL: SHOW COLUMNS FROM `p_order` [ RunTime:0.0029s ]
SQL: SELECT `codetime` FROM `p_order` WHERE ( order_number = 'OD181208165831000' ) LIMIT 1   [ RunTime:0.0020s ]
SQL: UPDATE `p_order` SET `codetime`='[\"2018-12-08 16:58:58\"]' WHERE ( order_number = 'OD181208165831000' ) [ RunTime:0.0166s ]
INFO: [ app_end ] --START--
INFO: Run Behavior\ShowPageTraceBehavior [ RunTime:0.000000s ]
INFO: [ app_end ] --END-- [ RunTime:0.000000s ]

[ 2018-12-08T16:59:03+08:00 ] 47.52.175.41 /index.php/api/pay/codetime
INFO: [ app_init ] --START--
INFO: Run Behavior\BuildLiteBehavior [ RunTime:0.000000s ]
INFO: [ app_init ] --END-- [ RunTime:0.000977s ]
INFO: [ app_begin ] --START--
INFO: Run Behavior\ReadHtmlCacheBehavior [ RunTime:0.000976s ]
INFO: [ app_begin ] --END-- [ RunTime:0.000976s ]
SQL: SHOW COLUMNS FROM `p_order` [ RunTime:0.0039s ]
SQL: SELECT `codetime` FROM `p_order` WHERE ( order_number = 'OD181208165831000' ) LIMIT 1   [ RunTime:0.0020s ]
SQL: UPDATE `p_order` SET `codetime`='[\"2018-12-08 16:59:03\"]' WHERE ( order_number = 'OD181208165831000' ) [ RunTime:0.0225s ]
INFO: [ app_end ] --START--
INFO: Run Behavior\ShowPageTraceBehavior [ RunTime:0.000976s ]
INFO: [ app_end ] --END-- [ RunTime:0.000976s ]

[ 2018-12-08T16:59:07+08:00 ] 47.52.175.41 /index.php/api/pay/codetime
INFO: [ app_init ] --START--
INFO: Run Behavior\BuildLiteBehavior [ RunTime:0.000000s ]
INFO: [ app_init ] --END-- [ RunTime:0.000000s ]
INFO: [ app_begin ] --START--
INFO: Run Behavior\ReadHtmlCacheBehavior [ RunTime:0.000977s ]
INFO: [ app_begin ] --END-- [ RunTime:0.000977s ]
SQL: SHOW COLUMNS FROM `p_order` [ RunTime:0.0029s ]
SQL: SELECT `codetime` FROM `p_order` WHERE ( order_number = 'OD181208165831000' ) LIMIT 1   [ RunTime:0.0020s ]
SQL: UPDATE `p_order` SET `codetime`='[\"2018-12-08 16:59:07\"]' WHERE ( order_number = 'OD181208165831000' ) [ RunTime:0.0205s ]
INFO: [ app_end ] --START--
INFO: Run Behavior\ShowPageTraceBehavior [ RunTime:0.000977s ]
INFO: [ app_end ] --END-- [ RunTime:0.000977s ]

[ 2018-12-08T16:59:11+08:00 ] 47.52.175.41 /index.php/api/pay/codetime
INFO: [ app_init ] --START--
INFO: Run Behavior\BuildLiteBehavior [ RunTime:0.000000s ]
INFO: [ app_init ] --END-- [ RunTime:0.000000s ]
INFO: [ app_begin ] --START--
INFO: Run Behavior\ReadHtmlCacheBehavior [ RunTime:0.000977s ]
INFO: [ app_begin ] --END-- [ RunTime:0.000977s ]
SQL: SHOW COLUMNS FROM `p_order` [ RunTime:0.0020s ]
SQL: SELECT `codetime` FROM `p_order` WHERE ( order_number = 'OD181208165831000' ) LIMIT 1   [ RunTime:0.0010s ]
SQL: UPDATE `p_order` SET `codetime`='[\"2018-12-08 16:59:11\"]' WHERE ( order_number = 'OD181208165831000' ) [ RunTime:0.0166s ]
INFO: [ app_end ] --START--
INFO: Run Behavior\ShowPageTraceBehavior [ RunTime:0.000000s ]
INFO: [ app_end ] --END-- [ RunTime:0.000977s ]

