2018-05-26 11:50:34, INFO, ::1, File[ F:\Server\zxPay\public\scan\sdk\secureUtil.php ], Line[12]------ =====签名报文开始====== 
2018-05-26 11:50:34, INFO, ::1, File[ F:\Server\zxPay\public\scan\sdk\secureUtil.php ], Line[18]------ 签名key=val&...串 >backUrl=http://test1.lsjcbl.top&certId=1515124964290786&merId=7000000185&merchantNum=200370100010003&orderId=1527306634&productCode=0203&reqReserved=my order&signMethod=01&txnAmt=100&txnSubType=03&txnTime=20180526115034&txnType=02&version=1.0 
2018-05-26 11:50:34, INFO, ::1, File[ F:\Server\zxPay\public\scan\sdk\secureUtil.php ], Line[21]------ 摘要sha1x16 >1fd19041a046872513899e4ce995c9fd800d683e 
2018-05-26 11:50:34, INFO, ::1, File[ F:\Server\zxPay\public\scan\sdk\secureUtil.php ], Line[28]------ 签名串为 >uKGEd0HIEYDE+m1r8wYjOi8kb/aIzo8ghB6tI4ZJIEaqPs8gquMoqwwqNlM1nPuANKD+rcuZGiGWIEJCWBKxOt1JP2ysmrpx5pnDBp1RtNcjc/raeqdmInrdrxXNTAbqFxorridg6k/4RPKVLRDNuM33MZqnk2vnrKMVQ36F1IClWzuHRMx4gyJb7ecgnlZMd2jDUfvBbNdCy9lCNzDMKjrYr8GsQnGKIWFeCBqNPVTrWvSADcEMI3lGbB6c5qx1wQ+bDhzyDEz5AubVpXd5+QSePpR9v4S+ASiN32d9Q0FPCaYX2sQ+ixeDRBTrkoLuBRPTgCGs16uMdiF0WduD4Q== 
2018-05-26 11:50:34, INFO, ::1, File[ F:\Server\zxPay\public\scan\sdk\secureUtil.php ], Line[33]------ =====签名报文结束====== 
2018-05-26 11:50:35, INFO, ::1, File[ F:\Server\zxPay\public\scan\sdk\secureUtil.php ], Line[71]------ 报文返回的证书ID>1493192193960028 
2018-05-26 11:50:35, INFO, ::1, File[ F:\Server\zxPay\public\scan\sdk\secureUtil.php ], Line[74]------ 验证签名证书目录 :>../assets/certs/ 
2018-05-26 11:50:35, INFO, ::1, File[ F:\Server\zxPay\public\scan\sdk\secureUtil.php ], Line[84]------ 加载验签证书成功 
2018-05-26 11:50:35, INFO, ::1, File[ F:\Server\zxPay\public\scan\sdk\secureUtil.php ], Line[52]------ 报文去[signature] key=val&串>backUrl=http://test1.lsjcbl.top&certId=1493192193960028&merId=7000000185&merchantNum=200370100010003&orderId=1527306634&productCode=0203&queryId=18052616249710049128&reqReserved=my order&respCode=99&respMsg=交易失败[903001]&signMethod=01&txnAmt=100&txnSubType=03&txnTime=20180526115034&txnType=02&version=1.0 
2018-05-26 11:50:35, INFO, ::1, File[ F:\Server\zxPay\public\scan\sdk\secureUtil.php ], Line[56]------ 摘要shax16>26537c57e48e1871a3ab2081ddf060f7018374f7 
2018-05-26 11:50:35, INFO, ::1, File[ F:\Server\zxPay\public\scan\sdk\secureUtil.php ], Line[58]------ 验签成功 
2018-05-26 11:52:18, INFO, ::1, File[ F:\Server\zxPay\public\scan\sdk\secureUtil.php ], Line[12]------ =====签名报文开始====== 
2018-05-26 11:52:18, INFO, ::1, File[ F:\Server\zxPay\public\scan\sdk\secureUtil.php ], Line[18]------ 签名key=val&...串 >backUrl=http://test1.lsjcbl.top/notify_url.php&certId=1515124964290786&merId=7000000185&merchantNum=200370100010003&orderId=1527306738&productCode=0202&reqReserved=my order&signMethod=01&txnAmt=100&txnSubType=02&txnTime=20180526115218&txnType=02&version=1.0 
2018-05-26 11:52:18, INFO, ::1, File[ F:\Server\zxPay\public\scan\sdk\secureUtil.php ], Line[21]------ 摘要sha1x16 >33e46bfc01ec2eac01d635ec221d0930266152e3 
2018-05-26 11:52:18, INFO, ::1, File[ F:\Server\zxPay\public\scan\sdk\secureUtil.php ], Line[28]------ 签名串为 >vYqVZO5eQEfWdthINrzBDkOHYFEIBjbCkPaGMCDsy6fBdQUAtkQQW5zPQIqJV9uDTUyECVIE/b3gptRm05EB0BB5MWMS1FBSWGf3HgT+8RAE099GvOGcgqYCsjB+yd6PZdZdN6QqwouEQB7Wt+kO0YMfMtp7i5ZAcfrEQbCZubs2yUcXJEn7fJa/MWFt5EEJrX1KqtAsLck2lpOdHDpILsk+6bo9DVf7nBstCinhKey+u1VdKgSW/XFcxm0V3edFl2ErXbSUwuJu4lWlp4ZTf03/gc7o+4L2b5q/tGR/DWpbMNqfxo4zdVWb3nb8ZMzkhetvykGEEXQkbYpiFx82Uw== 
2018-05-26 11:52:18, INFO, ::1, File[ F:\Server\zxPay\public\scan\sdk\secureUtil.php ], Line[33]------ =====签名报文结束====== 
2018-05-26 11:52:19, INFO, ::1, File[ F:\Server\zxPay\public\scan\sdk\secureUtil.php ], Line[71]------ 报文返回的证书ID>1493192193960028 
2018-05-26 11:52:19, INFO, ::1, File[ F:\Server\zxPay\public\scan\sdk\secureUtil.php ], Line[74]------ 验证签名证书目录 :>../assets/certs/ 
2018-05-26 11:52:19, INFO, ::1, File[ F:\Server\zxPay\public\scan\sdk\secureUtil.php ], Line[84]------ 加载验签证书成功 
2018-05-26 11:52:19, INFO, ::1, File[ F:\Server\zxPay\public\scan\sdk\secureUtil.php ], Line[52]------ 报文去[signature] key=val&串>backUrl=http://test1.lsjcbl.top/notify_url.php&certId=1493192193960028&merId=7000000185&merchantNum=200370100010003&orderId=1527306738&productCode=0202&queryId=18052616835010157913&reqReserved=my order&respCode=99&respMsg=交易失败[903001]&signMethod=01&txnAmt=100&txnSubType=02&txnTime=20180526115218&txnType=02&version=1.0 
2018-05-26 11:52:19, INFO, ::1, File[ F:\Server\zxPay\public\scan\sdk\secureUtil.php ], Line[56]------ 摘要shax16>a25e255131855fb7df3a126eae3bd38029e1835c 
2018-05-26 11:52:19, INFO, ::1, File[ F:\Server\zxPay\public\scan\sdk\secureUtil.php ], Line[58]------ 验签成功 
2018-05-26 11:56:12, INFO, ::1, File[ F:\Server\zxPay\public\scan\sdk\secureUtil.php ], Line[12]------ =====签名报文开始====== 
2018-05-26 11:56:12, INFO, ::1, File[ F:\Server\zxPay\public\scan\sdk\secureUtil.php ], Line[18]------ 签名key=val&...串 >appid=&backUrl=&certId=1515124964290786&merId=&merchantNum=&openid=&orderId=1527306972&productCode=0204&reqReserved=my order&signMethod=01&txnAmt=100&txnSubType=04&txnTime=20180526115612&txnType=02&version=1.0 
2018-05-26 11:56:12, INFO, ::1, File[ F:\Server\zxPay\public\scan\sdk\secureUtil.php ], Line[21]------ 摘要sha1x16 >719da069219ab327e7054683209741929a4ae512 
2018-05-26 11:56:12, INFO, ::1, File[ F:\Server\zxPay\public\scan\sdk\secureUtil.php ], Line[28]------ 签名串为 >mXs0jfOxW/DUX8vWWmu4Y31gBvunkJpaknlSg+CfDcdT0rYmnQWeVsa5aSMaI/z4mxUdA9ESo/WufJR70hXwCkFfQfuqbrvhX6wW1MLNeIw7vRgBcnPyIua2N7pY3px0ZCjuLrZtalcfdl4+i8HOVRE8LYcO7s40Ayh0q7XgX2I3tGZs6RyAT6yGaPHeKaa9+RHRVjWKJavHdaCtkfrvH+S9MYMr8mlfeRe3JRFqhI/Sr7D2QHkxywhdpNogUgBVHjsQf5HhtZ5vCmugU8ukTu1OxqbqYe69YO3rY5A6PlRc/f/HaMJZeCa6iZTIVJrU589rLmhJDYBKBhkMAxIyzw== 
2018-05-26 11:56:12, INFO, ::1, File[ F:\Server\zxPay\public\scan\sdk\secureUtil.php ], Line[33]------ =====签名报文结束====== 
2018-05-26 11:56:12, INFO, ::1, File[ F:\Server\zxPay\public\scan\sdk\secureUtil.php ], Line[71]------ 报文返回的证书ID>1493192193960028 
2018-05-26 11:56:12, INFO, ::1, File[ F:\Server\zxPay\public\scan\sdk\secureUtil.php ], Line[74]------ 验证签名证书目录 :>../assets/certs/ 
2018-05-26 11:56:12, INFO, ::1, File[ F:\Server\zxPay\public\scan\sdk\secureUtil.php ], Line[84]------ 加载验签证书成功 
2018-05-26 11:56:12, INFO, ::1, File[ F:\Server\zxPay\public\scan\sdk\secureUtil.php ], Line[52]------ 报文去[signature] key=val&串>appid=&backUrl=&certId=1493192193960028&merId=&merchantNum=&openid=&orderId=1527306972&productCode=0204&reqReserved=my order&respCode=33&respMsg=[212001]&signMethod=01&txnAmt=100&txnSubType=04&txnTime=20180526115612&txnType=02&version=1.0 
2018-05-26 11:56:12, INFO, ::1, File[ F:\Server\zxPay\public\scan\sdk\secureUtil.php ], Line[56]------ 摘要shax16>d0b801149be0f5cbb05f5a3b46692f41a605dfe7 
2018-05-26 11:56:12, INFO, ::1, File[ F:\Server\zxPay\public\scan\sdk\secureUtil.php ], Line[58]------ 验签成功 
2018-05-26 11:56:22, INFO, ::1, File[ F:\Server\zxPay\public\scan\sdk\secureUtil.php ], Line[12]------ =====签名报文开始====== 
2018-05-26 11:56:22, INFO, ::1, File[ F:\Server\zxPay\public\scan\sdk\secureUtil.php ], Line[18]------ 签名key=val&...串 >backUrl=http://test1.lsjcbl.top/notify_url.php&certId=1515124964290786&merId=7000000185&merchantNum=200370100010003&orderId=1527306982&productCode=0202&reqReserved=my order&signMethod=01&txnAmt=100&txnSubType=02&txnTime=20180526115622&txnType=02&version=1.0 
2018-05-26 11:56:22, INFO, ::1, File[ F:\Server\zxPay\public\scan\sdk\secureUtil.php ], Line[21]------ 摘要sha1x16 >27382d2236d1c3f78f137f0d6e9f78d32e551266 
2018-05-26 11:56:22, INFO, ::1, File[ F:\Server\zxPay\public\scan\sdk\secureUtil.php ], Line[28]------ 签名串为 >zExv6tE1GAUcE2lFAWIbIyTf29vcml8/NNRqkthEMJw/Cd5TXbBVg/dCxqfVsP94DUmg7k2M1ty0G9TrrDf/rA3pT/DAVrDb40zDZgzbeiD503uCvpc0V5mUsHCVGixjQIVPOlRDW/98MmMail7uzmqUw4jo4xYaPfax9mQAP/MfqIzzeR6hCg1PfdjjfjXuMU24pKic0ju+jZCKGD3uTcOxw3yQcyVc7lDH5OiQgfJDksWWzxK01VrUGAXwJB28+a4xDRgfRE22E1kNcFt5IpmxOA01T6WLeg6cYhmZMuwWj+Kph2n92dG1/rG5WXImGeoith/u/uEwHuTFnODPlg== 
2018-05-26 11:56:22, INFO, ::1, File[ F:\Server\zxPay\public\scan\sdk\secureUtil.php ], Line[33]------ =====签名报文结束====== 
2018-05-26 11:56:23, INFO, ::1, File[ F:\Server\zxPay\public\scan\sdk\secureUtil.php ], Line[71]------ 报文返回的证书ID>1493192193960028 
2018-05-26 11:56:23, INFO, ::1, File[ F:\Server\zxPay\public\scan\sdk\secureUtil.php ], Line[74]------ 验证签名证书目录 :>../assets/certs/ 
2018-05-26 11:56:23, INFO, ::1, File[ F:\Server\zxPay\public\scan\sdk\secureUtil.php ], Line[84]------ 加载验签证书成功 
2018-05-26 11:56:23, INFO, ::1, File[ F:\Server\zxPay\public\scan\sdk\secureUtil.php ], Line[52]------ 报文去[signature] key=val&串>backUrl=http://test1.lsjcbl.top/notify_url.php&certId=1493192193960028&merId=7000000185&merchantNum=200370100010003&orderId=1527306982&productCode=0202&queryId=18052616835457515183&reqReserved=my order&respCode=99&respMsg=交易失败[903001]&signMethod=01&txnAmt=100&txnSubType=02&txnTime=20180526115622&txnType=02&version=1.0 
2018-05-26 11:56:23, INFO, ::1, File[ F:\Server\zxPay\public\scan\sdk\secureUtil.php ], Line[56]------ 摘要shax16>a65ff95e7e740a72c9681f0e8f84b77210a9bac9 
2018-05-26 11:56:23, INFO, ::1, File[ F:\Server\zxPay\public\scan\sdk\secureUtil.php ], Line[58]------ 验签成功 
2018-05-26 11:56:34, INFO, ::1, File[ F:\Server\zxPay\public\scan\sdk\secureUtil.php ], Line[12]------ =====签名报文开始====== 
2018-05-26 11:56:34, INFO, ::1, File[ F:\Server\zxPay\public\scan\sdk\secureUtil.php ], Line[18]------ 签名key=val&...串 >backUrl=http://test1.lsjcbl.top/notify_url.php&certId=1515124964290786&merId=7000000185&merchantNum=200370100010003&orderId=1527306994&productCode=0205&reqReserved=my order&signMethod=01&txnAmt=100&txnSubType=05&txnTime=20180526115634&txnType=02&version=1.0 
2018-05-26 11:56:34, INFO, ::1, File[ F:\Server\zxPay\public\scan\sdk\secureUtil.php ], Line[21]------ 摘要sha1x16 >0f9cb613305e301ce875d334449b8f2df74aacab 
2018-05-26 11:56:34, INFO, ::1, File[ F:\Server\zxPay\public\scan\sdk\secureUtil.php ], Line[28]------ 签名串为 >obuqxIKLbRN88+iuYEkSPPLxqHHB3moOJqnKutF/CahRydEFsLYmtoKDmHhCgCZi5zghJcSGjfnK+w+gYjwKA94sY8R6bpED2VcGZWScDNZd5upnhorgZseIWB51OFSO5AHhfXlfo4e1V3TjhjW7W0Q6ogRfBelAlAyBlAfRYXNqSUKTLDiX+VlexVQnZGfqgR66CKtWP79TCEWmgieb9EpQFPBDtIVVfbCrytOOQk+S69BBNAHdT/OF3Sl9gEGBHihIfYnK7UYgihxOFB5K0h7P2GIhOZoe5EDWI32LHB5e0+KavlorbTzwQ018HXvmfX+gPuI7mWlo4mp3FL+CvA== 
2018-05-26 11:56:34, INFO, ::1, File[ F:\Server\zxPay\public\scan\sdk\secureUtil.php ], Line[33]------ =====签名报文结束====== 
2018-05-26 11:56:35, INFO, ::1, File[ F:\Server\zxPay\public\scan\sdk\secureUtil.php ], Line[71]------ 报文返回的证书ID>1493192193960028 
2018-05-26 11:56:35, INFO, ::1, File[ F:\Server\zxPay\public\scan\sdk\secureUtil.php ], Line[74]------ 验证签名证书目录 :>../assets/certs/ 
2018-05-26 11:56:35, INFO, ::1, File[ F:\Server\zxPay\public\scan\sdk\secureUtil.php ], Line[84]------ 加载验签证书成功 
2018-05-26 11:56:35, INFO, ::1, File[ F:\Server\zxPay\public\scan\sdk\secureUtil.php ], Line[52]------ 报文去[signature] key=val&串>backUrl=http://test1.lsjcbl.top/notify_url.php&certId=1493192193960028&merId=7000000185&merchantNum=200370100010003&orderId=1527306994&payInfo=https://qr.95516.com/00010000/62012012758673377310691335427018&productCode=0205&queryId=18052616265057509875&reqReserved=my order&respCode=66&respMsg=交易成功&signMethod=01&txnAmt=100&txnSubType=05&txnTime=20180526115634&txnType=02&version=1.0 
2018-05-26 11:56:35, INFO, ::1, File[ F:\Server\zxPay\public\scan\sdk\secureUtil.php ], Line[56]------ 摘要shax16>0bf42f76aed2b9ce5ee2b130c9932da7ae91d7ad 
2018-05-26 11:56:35, INFO, ::1, File[ F:\Server\zxPay\public\scan\sdk\secureUtil.php ], Line[58]------ 验签成功 
2018-05-26 12:03:14, INFO, ::1, File[ F:\Server\zxPay\public\scan\sdk\secureUtil.php ], Line[12]------ =====签名报文开始====== 
2018-05-26 12:03:14, INFO, ::1, File[ F:\Server\zxPay\public\scan\sdk\secureUtil.php ], Line[18]------ 签名key=val&...串 >backUrl=http://test1.lsjcbl.top/notify_url.php&certId=1526265143868626&merId=7000000185&merchantNum=200370100010003&orderId=1527307394&productCode=0202&reqReserved=my order&signMethod=01&txnAmt=100&txnSubType=02&txnTime=20180526120314&txnType=02&version=1.0 
2018-05-26 12:03:14, INFO, ::1, File[ F:\Server\zxPay\public\scan\sdk\secureUtil.php ], Line[21]------ 摘要sha1x16 >6de82f264f8698c595b5691745e73fb1c10b2906 
2018-05-26 12:03:14, INFO, ::1, File[ F:\Server\zxPay\public\scan\sdk\secureUtil.php ], Line[28]------ 签名串为 >yvraV+Aikd5XGYMIt2QLprUEIBU8ovOuMS2W4/XfFpfSP+VMUB29mDuEg3sBCiKdmFOaHQPji0PRf7b0PWfoJUXtzlShLGG88EsqIjq7hiYT6xFRBla0kWjtNEmICeqGMJmrN/55ni8O9iiKCj8IOiZVC04lp9kGkS8QtZbqOSLDy2UY34y0xoNj+ShtE0AdTvXbAm3Ehz8RCUnkb/SKXPfYwJygvb9l7h18Yw8ulUqoEaMlF5GNclqppf0+f2ccXJx9Hzh1JqclWbVQUQwGSSKWiTOnpW0HrFYzbSJbgZ39ePrLsbS4nbhQCghyXjX02SvgHUv0WZgetD02PR2zfg== 
2018-05-26 12:03:14, INFO, ::1, File[ F:\Server\zxPay\public\scan\sdk\secureUtil.php ], Line[33]------ =====签名报文结束====== 
2018-05-26 12:03:15, INFO, ::1, File[ F:\Server\zxPay\public\scan\sdk\secureUtil.php ], Line[71]------ 报文返回的证书ID>1493192193960028 
2018-05-26 12:03:15, INFO, ::1, File[ F:\Server\zxPay\public\scan\sdk\secureUtil.php ], Line[74]------ 验证签名证书目录 :>../assets/certs/ 
2018-05-26 12:03:15, INFO, ::1, File[ F:\Server\zxPay\public\scan\sdk\secureUtil.php ], Line[84]------ 加载验签证书成功 
2018-05-26 12:03:15, INFO, ::1, File[ F:\Server\zxPay\public\scan\sdk\secureUtil.php ], Line[52]------ 报文去[signature] key=val&串>backUrl=http://test1.lsjcbl.top/notify_url.php&certId=1493192193960028&merId=7000000185&merchantNum=200370100010003&orderId=1527307394&productCode=0202&reqReserved=my order&respCode=33&respMsg=证书错误[202005]&signMethod=01&txnAmt=100&txnSubType=02&txnTime=20180526120314&txnType=02&version=1.0 
2018-05-26 12:03:15, INFO, ::1, File[ F:\Server\zxPay\public\scan\sdk\secureUtil.php ], Line[56]------ 摘要shax16>0ddee2191d2980242edd46b763af10dcb7bfc302 
2018-05-26 12:03:15, INFO, ::1, File[ F:\Server\zxPay\public\scan\sdk\secureUtil.php ], Line[58]------ 验签成功 
2018-05-26 12:03:41, INFO, ::1, File[ F:\Server\zxPay\public\scan\sdk\secureUtil.php ], Line[12]------ =====签名报文开始====== 
2018-05-26 12:03:41, INFO, ::1, File[ F:\Server\zxPay\public\scan\sdk\secureUtil.php ], Line[18]------ 签名key=val&...串 >backUrl=http://test1.lsjcbl.top/notify_url.php&certId=1526265143868626&merId=7000000293&merchantNum=200370148160002&orderId=1527307421&productCode=0202&reqReserved=my order&signMethod=01&txnAmt=100&txnSubType=02&txnTime=20180526120341&txnType=02&version=1.0 
2018-05-26 12:03:41, INFO, ::1, File[ F:\Server\zxPay\public\scan\sdk\secureUtil.php ], Line[21]------ 摘要sha1x16 >013ecc2b0efc37e1b2d32baeb26fcc04b70c721b 
2018-05-26 12:03:41, INFO, ::1, File[ F:\Server\zxPay\public\scan\sdk\secureUtil.php ], Line[28]------ 签名串为 >UD4WSVFF+1bjPehWf0xdIOOAifpuRuqCCKb7PofTXw67/PuYyD7lPzN2Gdj5GDQbITWvglaFf9r821wmzSntXKhJddJj1B8D5/0Star7s41pH1CiyUds9RFKnU1Jmhl28meF1aShZKlsovVfLSpsROmjTtJdxw9XyuY6GnOoBaOcuSOj4bRCgZQHEHM04ogG8uan65bORvBlpTcaYVNa2qw3n79DnBYBTzFr9ptZI9fbeWug2QqV7RZIR9LTdkw2c2KeqAJ1soP+8qTwLxYPEXYBdwBZ+TAZJzsB3gfUJ1Foyi80oQtL3OKquNyzJ6Ye4i3UoOjPqHOzhD4nxE95+Q== 
2018-05-26 12:03:41, INFO, ::1, File[ F:\Server\zxPay\public\scan\sdk\secureUtil.php ], Line[33]------ =====签名报文结束====== 
2018-05-26 12:03:42, INFO, ::1, File[ F:\Server\zxPay\public\scan\sdk\secureUtil.php ], Line[71]------ 报文返回的证书ID>1493192193960028 
2018-05-26 12:03:42, INFO, ::1, File[ F:\Server\zxPay\public\scan\sdk\secureUtil.php ], Line[74]------ 验证签名证书目录 :>../assets/certs/ 
2018-05-26 12:03:42, INFO, ::1, File[ F:\Server\zxPay\public\scan\sdk\secureUtil.php ], Line[84]------ 加载验签证书成功 
2018-05-26 12:03:42, INFO, ::1, File[ F:\Server\zxPay\public\scan\sdk\secureUtil.php ], Line[52]------ 报文去[signature] key=val&串>backUrl=http://test1.lsjcbl.top/notify_url.php&certId=1493192193960028&merId=7000000293&merchantNum=200370148160002&orderId=1527307421&productCode=0202&queryId=18052616241009897587&reqReserved=my order&respCode=99&respMsg=非法商户[903006]&signMethod=01&txnAmt=100&txnSubType=02&txnTime=20180526120341&txnType=02&version=1.0 
2018-05-26 12:03:42, INFO, ::1, File[ F:\Server\zxPay\public\scan\sdk\secureUtil.php ], Line[56]------ 摘要shax16>39cd541423faf329a78a3d9635cf46445cb11f95 
2018-05-26 12:03:42, INFO, ::1, File[ F:\Server\zxPay\public\scan\sdk\secureUtil.php ], Line[58]------ 验签成功 
2018-05-26 12:03:50, INFO, ::1, File[ F:\Server\zxPay\public\scan\sdk\secureUtil.php ], Line[12]------ =====签名报文开始====== 
2018-05-26 12:03:50, INFO, ::1, File[ F:\Server\zxPay\public\scan\sdk\secureUtil.php ], Line[18]------ 签名key=val&...串 >backUrl=http://test1.lsjcbl.top&certId=1526265143868626&merId=7000000293&merchantNum=200370148160002&orderId=1527307430&productCode=0203&reqReserved=my order&signMethod=01&txnAmt=100&txnSubType=03&txnTime=20180526120350&txnType=02&version=1.0 
2018-05-26 12:03:50, INFO, ::1, File[ F:\Server\zxPay\public\scan\sdk\secureUtil.php ], Line[21]------ 摘要sha1x16 >b98ae7cc652fd4015eebb1a74b6092aa2fe952c9 
2018-05-26 12:03:50, INFO, ::1, File[ F:\Server\zxPay\public\scan\sdk\secureUtil.php ], Line[28]------ 签名串为 >jp2DVAyljzq0FuZlk2IMdcKRZL69mAiENLcnXWy2G5LAGGCHr9ix2HcKF2VvTXCZe2av7gKJz16d+NjDrl0+wGQUH0pNnirp3iux9LO7H9ddoFtkLBZyQ0J+w4LmLM1kAYxAvi5f4xwAVTK3OraEn1CToxRawlVPKoTSa+BiGr1v3HtFidGtpsEQ8HvzERUaOM3RUq00HtV3kmHePgTAH7HraBg0udxJxFuVxDguH31IOviyThPALLbD9sFJa+YdIu3qMUpZDWXSXBluMHpHfbVwNtyIBPTWhLixIoDclSzEH2zxm7WB5hI2Dr72jsbYDMdlLjO9ws7HS8Sz1pnorw== 
2018-05-26 12:03:50, INFO, ::1, File[ F:\Server\zxPay\public\scan\sdk\secureUtil.php ], Line[33]------ =====签名报文结束====== 
2018-05-26 12:03:50, ERROR, ::1, File[ F:\Server\zxPay\public\scan\sdk\acp_service.php ], Line[64]------ 请求失败，报错信息>http状态=500 
2018-05-26 12:04:31, INFO, ::1, File[ F:\Server\zxPay\public\scan\sdk\secureUtil.php ], Line[12]------ =====签名报文开始====== 
2018-05-26 12:04:31, INFO, ::1, File[ F:\Server\zxPay\public\scan\sdk\secureUtil.php ], Line[18]------ 签名key=val&...串 >backUrl=http://test1.lsjcbl.top&certId=1526265143868626&merId=7000000293&merchantNum=200370148160002&orderId=1527307471&productCode=0203&reqReserved=my order&signMethod=01&txnAmt=100&txnSubType=03&txnTime=20180526120431&txnType=02&version=1.0 
2018-05-26 12:04:31, INFO, ::1, File[ F:\Server\zxPay\public\scan\sdk\secureUtil.php ], Line[21]------ 摘要sha1x16 >a14436ef02b68591af0f4211b241acb7eeb79f55 
2018-05-26 12:04:31, INFO, ::1, File[ F:\Server\zxPay\public\scan\sdk\secureUtil.php ], Line[28]------ 签名串为 >IHMhQyG0bJ/2M7dv+g09cC6OlWNrBAWYUS+woPaLsY0POwld4oZunkMt+dddnX2qx6DMCAyThbuUReHWVLFfUo9+pTjp39n+JN6FNOzsis7iXck2M4wJ1ggK4Rz+gWJI221skRrC4E0UmJW5xlxJV8xfO+QvEXNDkLY3L3KArxZkJVAxEFPamIogNFVrqswXQ9mcnWbm/gVRYiPGUGDLb8xkoj0/Xgz3jfooc1w3ok+A2wrAom/jyCBqYP7OU/PgIhN+ZjTQl7R8fc+rleEv5PZGFU2Mn2RJQ5nxmbxMMXT3256PweX3sjv000JW5sVtgV40dwRT+gOtPTqzPBm0tQ== 
2018-05-26 12:04:31, INFO, ::1, File[ F:\Server\zxPay\public\scan\sdk\secureUtil.php ], Line[33]------ =====签名报文结束====== 
2018-05-26 12:04:32, ERROR, ::1, File[ F:\Server\zxPay\public\scan\sdk\acp_service.php ], Line[64]------ 请求失败，报错信息>http状态=500 
2018-05-26 12:04:34, INFO, ::1, File[ F:\Server\zxPay\public\scan\sdk\secureUtil.php ], Line[12]------ =====签名报文开始====== 
2018-05-26 12:04:34, INFO, ::1, File[ F:\Server\zxPay\public\scan\sdk\secureUtil.php ], Line[18]------ 签名key=val&...串 >backUrl=http://test1.lsjcbl.top/notify_url.php&certId=1526265143868626&merId=7000000293&merchantNum=200370148160002&orderId=1527307474&productCode=0202&reqReserved=my order&signMethod=01&txnAmt=100&txnSubType=02&txnTime=20180526120434&txnType=02&version=1.0 
2018-05-26 12:04:34, INFO, ::1, File[ F:\Server\zxPay\public\scan\sdk\secureUtil.php ], Line[21]------ 摘要sha1x16 >6221285085bcc38506902a466168fd0e62efda15 
2018-05-26 12:04:34, INFO, ::1, File[ F:\Server\zxPay\public\scan\sdk\secureUtil.php ], Line[28]------ 签名串为 >NAwS8DWkbAhWcb1kr/hN0Tqwr4/Jr2ckA8w3ZyUiRuJXJHCdSij1JHWto/vPU4dHDuIOF9cKU4hEubIq12urFoZS4ZbXA0A6n3LnqQcURdxLYuolupyBDADTV0LOLOrXsj0+kJkMZ3+HZSk8nHShOQQjSKVOBU0WRkgu27VwgtvFfV3c8JY7ZySilDSmIJ+bdYTv1Kve6PErRjTky1DLWCq6ETaZlaznZ2Tz05B30x8TSMi69izq1C0mEBO91eh/5w9p8AvYTrySoJLRbHPIdq3UKnZwvudqs6Tu8l5HmDsWHSHdYinUwVEGytbOQPVcYr8luqe5E75B/4y8Vqf86g== 
2018-05-26 12:04:34, INFO, ::1, File[ F:\Server\zxPay\public\scan\sdk\secureUtil.php ], Line[33]------ =====签名报文结束====== 
2018-05-26 12:04:35, INFO, ::1, File[ F:\Server\zxPay\public\scan\sdk\secureUtil.php ], Line[71]------ 报文返回的证书ID>1493192193960028 
2018-05-26 12:04:35, INFO, ::1, File[ F:\Server\zxPay\public\scan\sdk\secureUtil.php ], Line[74]------ 验证签名证书目录 :>../assets/certs/ 
2018-05-26 12:04:35, INFO, ::1, File[ F:\Server\zxPay\public\scan\sdk\secureUtil.php ], Line[84]------ 加载验签证书成功 
2018-05-26 12:04:35, INFO, ::1, File[ F:\Server\zxPay\public\scan\sdk\secureUtil.php ], Line[52]------ 报文去[signature] key=val&串>backUrl=http://test1.lsjcbl.top/notify_url.php&certId=1493192193960028&merId=7000000293&merchantNum=200370148160002&orderId=1527307474&productCode=0202&queryId=18052616695010010173&reqReserved=my order&respCode=99&respMsg=非法商户[903006]&signMethod=01&txnAmt=100&txnSubType=02&txnTime=20180526120434&txnType=02&version=1.0 
2018-05-26 12:04:35, INFO, ::1, File[ F:\Server\zxPay\public\scan\sdk\secureUtil.php ], Line[56]------ 摘要shax16>49388a76706416f326fb044f9e2146350d890ecd 
2018-05-26 12:04:35, INFO, ::1, File[ F:\Server\zxPay\public\scan\sdk\secureUtil.php ], Line[58]------ 验签成功 
2018-05-26 12:05:30, INFO, ::1, File[ F:\Server\zxPay\public\scan\sdk\secureUtil.php ], Line[12]------ =====签名报文开始====== 
2018-05-26 12:05:30, INFO, ::1, File[ F:\Server\zxPay\public\scan\sdk\secureUtil.php ], Line[18]------ 签名key=val&...串 >backUrl=http://test1.lsjcbl.top&certId=1526265143868626&merId=7000000293&merchantNum=200370148160002&orderId=1527307530&productCode=0203&reqReserved=my order&signMethod=01&txnAmt=100&txnSubType=03&txnTime=20180526120530&txnType=02&version=1.0 
2018-05-26 12:05:30, INFO, ::1, File[ F:\Server\zxPay\public\scan\sdk\secureUtil.php ], Line[21]------ 摘要sha1x16 >9cbcfb4d6989215236ff08ab8c2b223e4feed135 
2018-05-26 12:05:30, INFO, ::1, File[ F:\Server\zxPay\public\scan\sdk\secureUtil.php ], Line[28]------ 签名串为 >CeoBHTv5y/EHAJ0E/xpXOEa8y3Np2GQU8MtCxxB6uU5gMujh8wlMlzhuZSft56/x62oApAARuItG30bktFMtrnHgb16dIFDKaZT80e16ru74QsHngD9QuVAFyVL0ebahtdJdlCcRopph3s3FRuioiHNLQMSxI0OaC1QZRes6qn6yMXE7Qlj2r463ieZoSdJf/j4u7RJ2oeMd05dVVWS8VXI8h9Z5OTXpVEH5sfGcTrcmm4dTQSebbpQPSlL5cTXl5tJij1+QOGsqdo7+bJ4CfYNPlGqyp7jsJrFkMjiGOFXEkN9CxFuGn0y+fzeZifzNBvX6qWhhJfEGbOTbIbCwJA== 
2018-05-26 12:05:30, INFO, ::1, File[ F:\Server\zxPay\public\scan\sdk\secureUtil.php ], Line[33]------ =====签名报文结束====== 
2018-05-26 12:05:31, ERROR, ::1, File[ F:\Server\zxPay\public\scan\sdk\acp_service.php ], Line[64]------ 请求失败，报错信息>http状态=500 
2018-05-26 12:06:04, INFO, ::1, File[ F:\Server\zxPay\public\scan\sdk\secureUtil.php ], Line[12]------ =====签名报文开始====== 
2018-05-26 12:06:04, INFO, ::1, File[ F:\Server\zxPay\public\scan\sdk\secureUtil.php ], Line[18]------ 签名key=val&...串 >backUrl=http://test1.lsjcbl.top/notify_url.php&certId=1526265143868626&merId=7000000293&merchantNum=200370148160002&orderId=1527307564&productCode=0202&reqReserved=my order&signMethod=01&txnAmt=100&txnSubType=02&txnTime=20180526120604&txnType=02&version=1.0 
2018-05-26 12:06:04, INFO, ::1, File[ F:\Server\zxPay\public\scan\sdk\secureUtil.php ], Line[21]------ 摘要sha1x16 >e3c1f1a1b2f4bf094f255b011866d85cae7ce5b8 
2018-05-26 12:06:04, INFO, ::1, File[ F:\Server\zxPay\public\scan\sdk\secureUtil.php ], Line[28]------ 签名串为 >eMSurwxqvjym2UeV1W0Wu/+vapvUs6u5nGsZu+T5DftKnr8s7l5NleWwrj8rpbcosts3znC0pjRBWrHqUjxjJ38msk9Gpkymxepoul4Kq2d4e2kb2ec6NixhvCY6g2r+jSs3DiO6lCFsPZWVcezW7BqZBEFe2sYOwX9X8iOyKisRFQ2K46KiAQ0IVc/qNyAhameeRkrRBkgSIGMFf/ablDZNMmtpHLgKMrxPXkPcKYrvw64kO2aLs7HM+rpCqmUEAq6IbmHfimeLrXv+9VOK1Sv64MKRAXESA36W7HwiQTUtqVPE30j+xPODWcNabGlhzRtJhRPcn9RNaVvZEYBpjg== 
2018-05-26 12:06:04, INFO, ::1, File[ F:\Server\zxPay\public\scan\sdk\secureUtil.php ], Line[33]------ =====签名报文结束====== 
2018-05-26 12:06:05, INFO, ::1, File[ F:\Server\zxPay\public\scan\sdk\secureUtil.php ], Line[71]------ 报文返回的证书ID>1493192193960028 
2018-05-26 12:06:05, INFO, ::1, File[ F:\Server\zxPay\public\scan\sdk\secureUtil.php ], Line[74]------ 验证签名证书目录 :>../assets/certs/ 
2018-05-26 12:06:05, INFO, ::1, File[ F:\Server\zxPay\public\scan\sdk\secureUtil.php ], Line[84]------ 加载验签证书成功 
2018-05-26 12:06:05, INFO, ::1, File[ F:\Server\zxPay\public\scan\sdk\secureUtil.php ], Line[52]------ 报文去[signature] key=val&串>backUrl=http://test1.lsjcbl.top/notify_url.php&certId=1493192193960028&merId=7000000293&merchantNum=200370148160002&orderId=1527307564&productCode=0202&queryId=18052616299950985569&reqReserved=my order&respCode=99&respMsg=非法商户[903006]&signMethod=01&txnAmt=100&txnSubType=02&txnTime=20180526120604&txnType=02&version=1.0 
2018-05-26 12:06:05, INFO, ::1, File[ F:\Server\zxPay\public\scan\sdk\secureUtil.php ], Line[56]------ 摘要shax16>c6a6dc62b35c797c9c050eb7bbe007d4484418dc 
2018-05-26 12:06:05, INFO, ::1, File[ F:\Server\zxPay\public\scan\sdk\secureUtil.php ], Line[58]------ 验签成功 
2018-05-26 12:06:24, INFO, ::1, File[ F:\Server\zxPay\public\scan\sdk\secureUtil.php ], Line[12]------ =====签名报文开始====== 
2018-05-26 12:06:24, INFO, ::1, File[ F:\Server\zxPay\public\scan\sdk\secureUtil.php ], Line[18]------ 签名key=val&...串 >backUrl=http://test1.lsjcbl.top/notify_url.php&certId=1526265143868626&merId=7000000293&merchantNum=200370148160002&orderId=1527307584&productCode=0203&reqReserved=my order&signMethod=01&txnAmt=100&txnSubType=03&txnTime=20180526120624&txnType=02&version=1.0 
2018-05-26 12:06:24, INFO, ::1, File[ F:\Server\zxPay\public\scan\sdk\secureUtil.php ], Line[21]------ 摘要sha1x16 >07c461586d801445259b16942d537a6f0663f2e3 
2018-05-26 12:06:24, INFO, ::1, File[ F:\Server\zxPay\public\scan\sdk\secureUtil.php ], Line[28]------ 签名串为 >Ha647p9ELoOOK24QEPgroQ5W/7t3h6hIiGxmPbtOlbwmwWEaB1IxhGmOcscvMCwjJt7ZP7TWaKy1roQDMY+zMhZTmCuHaj8EsZ0E4/BSS5w6oQ9tfa9q96NwVQpO9Dp6XECzow1M8vKxFFh9X0nWxoqAs+okzTS6U40lIBjlAHccSJXXzJRdAy+GuzcM6GQfWQa/hIndn2dux/5Vjo0TNIc1vWqWoTusiPE8cFYecT8hbC/AvrqQWbyQJIzYqtBxELcsIB3+kREosAJ2BjlnaUV/lGXMeD6ySQ4uFAR4dvF1Ab7WhlPqnCqieLUtD2IrlLvSLpVhHGXr24v95XfvFg== 
2018-05-26 12:06:24, INFO, ::1, File[ F:\Server\zxPay\public\scan\sdk\secureUtil.php ], Line[33]------ =====签名报文结束====== 
2018-05-26 12:06:24, ERROR, ::1, File[ F:\Server\zxPay\public\scan\sdk\acp_service.php ], Line[64]------ 请求失败，报错信息>http状态=500 
2018-05-26 17:14:41, INFO, ::1, File[ F:\Server\web\pay\sfb\sdk\secureUtil.php ], Line[12]------ =====签名报文开始====== 
2018-05-26 17:14:41, INFO, ::1, File[ F:\Server\web\pay\sfb\sdk\secureUtil.php ], Line[18]------ 签名key=val&...串 >backUrl=http://test1.lsjcbl.top/notify_url.php&certId=1526265143868626&merId=7000000293&merchantNum=200370148160002&orderId=2018052617144120657&productCode=0203&signMethod=01&txnAmt=1000&txnSubType=03&txnTime=20180526171441&txnType=02&version=1.0 
2018-05-26 17:14:41, INFO, ::1, File[ F:\Server\web\pay\sfb\sdk\secureUtil.php ], Line[21]------ 摘要sha1x16 >9832ef262f7a58bfc70ea9c0abbb8ff90bb9873b 
2018-05-26 17:14:41, INFO, ::1, File[ F:\Server\web\pay\sfb\sdk\secureUtil.php ], Line[28]------ 签名串为 >uDLmkNMDpwj7Y6KWbUAzFttgPKHbciNSFO2f+Ty3VF7yge/YZWxwsQGfRE5S854f0DK8v3nPJGsfcC9zQRsuNL1SWaT+m3V+oUi+Vx05PUypHlwnXhL8LIRaG3lpR2igWnVtwf2CDPbox5qgE9v0GNBWE0rRJfGzXC6Pvf9lJuWQw6KY5jRJld/WJt3tt1kadnLYHqzyMKEh8EWm2hFpRdITacj8RTSwtQmZt3xYVUnK5ahT4RSLSy9q38o3PtrsscNWHuxGO5DRrA/NBivJmjELVOfnSHEGcLROC9N3nzhZugpmWlbLbMmAlsmiBiHWDYOwSmncO61F0KAPU8gdEA== 
2018-05-26 17:14:41, INFO, ::1, File[ F:\Server\web\pay\sfb\sdk\secureUtil.php ], Line[33]------ =====签名报文结束====== 
2018-05-26 17:14:44, INFO, ::1, File[ F:\Server\web\pay\sfb\sdk\secureUtil.php ], Line[71]------ 报文返回的证书ID>1493192193960028 
2018-05-26 17:14:44, INFO, ::1, File[ F:\Server\web\pay\sfb\sdk\secureUtil.php ], Line[74]------ 验证签名证书目录 :>./assets/certs/ 
2018-05-26 17:14:44, INFO, ::1, File[ F:\Server\web\pay\sfb\sdk\secureUtil.php ], Line[84]------ 加载验签证书成功 
2018-05-26 17:14:44, INFO, ::1, File[ F:\Server\web\pay\sfb\sdk\secureUtil.php ], Line[52]------ 报文去[signature] key=val&串>backUrl=http://test1.lsjcbl.top/notify_url.php&certId=1493192193960028&merId=7000000293&merchantNum=200370148160002&orderId=2018052617144120657&payInfo=https://qr.alipay.com/bax02919rkgjc4lhu1hp6026&productCode=0203&queryId=18052618635051565097&respCode=66&respMsg=交易成功&signMethod=01&txnAmt=1000&txnSubType=03&txnTime=20180526171441&txnType=02&version=1.0 
2018-05-26 17:14:44, INFO, ::1, File[ F:\Server\web\pay\sfb\sdk\secureUtil.php ], Line[56]------ 摘要shax16>3faf9d11e0eb314041a4e501abcbee078d56c603 
2018-05-26 17:14:44, INFO, ::1, File[ F:\Server\web\pay\sfb\sdk\secureUtil.php ], Line[58]------ 验签成功 
2018-05-26 17:21:07, INFO, ::1, File[ F:\Server\web\pay\sfb\sdk\secureUtil.php ], Line[12]------ =====签名报文开始====== 
2018-05-26 17:21:07, INFO, ::1, File[ F:\Server\web\pay\sfb\sdk\secureUtil.php ], Line[18]------ 签名key=val&...串 >backUrl=http://test1.lsjcbl.top/notify_url.php&certId=1526265143868626&merId=7000000293&merchantNum=200370148160002&orderId=2018052617210744167&productCode=0203&signMethod=01&txnAmt=1000&txnSubType=03&txnTime=20180526172107&txnType=02&version=1.0 
2018-05-26 17:21:07, INFO, ::1, File[ F:\Server\web\pay\sfb\sdk\secureUtil.php ], Line[21]------ 摘要sha1x16 >b1b3502b70ea4e6f3017cd0932a472dacb33ef41 
2018-05-26 17:21:07, INFO, ::1, File[ F:\Server\web\pay\sfb\sdk\secureUtil.php ], Line[28]------ 签名串为 >AnJ2ITCUi1g4dVS7SWfnqGfs3ZeRGjcPYN5ZhgPkW8ksNsSznPkmNgkWF/u03VXMmFWGS/s0L3S2S0ClcsNN3RN9Q6eyvrUvKuAdXUH4pPaxwZeei9kDc9d40crjmAh6zjIJ8IFUCcpdv3tiv9N9EJLJtg/UNK/GYTCUAa1VEb1Yeem4o3lPo9eAVQplQ2FWlwydqN3dCq5VXKoNve+CJlMMHW/SA5NweOzPMyivv2nOlhRJ5ebzrG1ta/gKsT97VMg7ATPc0sTFjBME/EQqJC3yhaVoCkDatVHjcb3yq+tsDNn3Cirz8xxCMeuft4kJSXs+cfaNAZ6QpA8BUNlXxQ== 
2018-05-26 17:21:07, INFO, ::1, File[ F:\Server\web\pay\sfb\sdk\secureUtil.php ], Line[33]------ =====签名报文结束====== 
2018-05-26 17:21:09, INFO, ::1, File[ F:\Server\web\pay\sfb\sdk\secureUtil.php ], Line[71]------ 报文返回的证书ID>1493192193960028 
2018-05-26 17:21:09, INFO, ::1, File[ F:\Server\web\pay\sfb\sdk\secureUtil.php ], Line[74]------ 验证签名证书目录 :>./assets/certs/ 
2018-05-26 17:21:09, INFO, ::1, File[ F:\Server\web\pay\sfb\sdk\secureUtil.php ], Line[84]------ 加载验签证书成功 
2018-05-26 17:21:09, INFO, ::1, File[ F:\Server\web\pay\sfb\sdk\secureUtil.php ], Line[52]------ 报文去[signature] key=val&串>backUrl=http://test1.lsjcbl.top/notify_url.php&certId=1493192193960028&merId=7000000293&merchantNum=200370148160002&orderId=2018052617210744167&payInfo=https://qr.alipay.com/bax02652mkqjhtb54luu60a5&productCode=0203&queryId=18052618735198551045&respCode=66&respMsg=交易成功&signMethod=01&txnAmt=1000&txnSubType=03&txnTime=20180526172107&txnType=02&version=1.0 
2018-05-26 17:21:09, INFO, ::1, File[ F:\Server\web\pay\sfb\sdk\secureUtil.php ], Line[56]------ 摘要shax16>e5d0ece7fdcaf482f191cb04a19bffb513af7aa7 
2018-05-26 17:21:09, INFO, ::1, File[ F:\Server\web\pay\sfb\sdk\secureUtil.php ], Line[58]------ 验签成功 
2018-05-26 17:38:10, INFO, ::1, File[ F:\Server\web\pay\sfb\sdk\secureUtil.php ], Line[12]------ =====签名报文开始====== 
2018-05-26 17:38:10, INFO, ::1, File[ F:\Server\web\pay\sfb\sdk\secureUtil.php ], Line[18]------ 签名key=val&...串 >backUrl=http://test1.lsjcbl.top/notify_url.php&certId=1526265143868626&merId=7000000293&merchantNum=200370148160002&orderId=2018052617381057576&productCode=0202&signMethod=01&txnAmt=1000&txnSubType=&txnTime=20180526173810&txnType=02&version=1.0 
2018-05-26 17:38:10, INFO, ::1, File[ F:\Server\web\pay\sfb\sdk\secureUtil.php ], Line[21]------ 摘要sha1x16 >b2fbf846c541717147ec234f8d27e8c0c0fd3aec 
2018-05-26 17:38:10, INFO, ::1, File[ F:\Server\web\pay\sfb\sdk\secureUtil.php ], Line[28]------ 签名串为 >VNurT9c4PP329rN/AmoYsykownjlom50SJwlV7sjArYI0F7Fd676X1Y3XVa5BGV9VKTlvFzZsfJQveWE8G/4k1ClHANMQNrdGevsM+dVaVnVfxkn8YOyHrJjykDtujorQ07Brs0F0gjc9nVJ1Cw8FShsNjBnFpL5pA/nrlSQHC5JZlqKS2yTh5HNMqk0xEPSHj37IX/SSQnFlGwM8OsjQ5ixIFPfd+WRjGL73Lhvak5YGOq20CN0jaLdmhy7OvY4s5YNxWJDS2hYB7OsZDbNw/Idj2G5IZ1CnjwhzRZPcSJlm8qbWu2XvwKMPG1Nh8r9dcRnm4lhyIC/9WTmaYUW5Q== 
2018-05-26 17:38:10, INFO, ::1, File[ F:\Server\web\pay\sfb\sdk\secureUtil.php ], Line[33]------ =====签名报文结束====== 
2018-05-26 17:38:10, INFO, ::1, File[ F:\Server\web\pay\sfb\sdk\secureUtil.php ], Line[71]------ 报文返回的证书ID>1493192193960028 
2018-05-26 17:38:10, INFO, ::1, File[ F:\Server\web\pay\sfb\sdk\secureUtil.php ], Line[74]------ 验证签名证书目录 :>./assets/certs/ 
2018-05-26 17:38:10, INFO, ::1, File[ F:\Server\web\pay\sfb\sdk\secureUtil.php ], Line[84]------ 加载验签证书成功 
2018-05-26 17:38:10, INFO, ::1, File[ F:\Server\web\pay\sfb\sdk\secureUtil.php ], Line[52]------ 报文去[signature] key=val&串>backUrl=http://test1.lsjcbl.top/notify_url.php&certId=1493192193960028&merId=7000000293&merchantNum=200370148160002&orderId=2018052617381057576&productCode=0202&respCode=33&respMsg=[212001]&signMethod=01&txnAmt=1000&txnSubType=&txnTime=20180526173810&txnType=02&version=1.0 
2018-05-26 17:38:10, INFO, ::1, File[ F:\Server\web\pay\sfb\sdk\secureUtil.php ], Line[56]------ 摘要shax16>5181a36853be09b555df5d35d604c8b8fcf90d5e 
2018-05-26 17:38:10, INFO, ::1, File[ F:\Server\web\pay\sfb\sdk\secureUtil.php ], Line[58]------ 验签成功 
2018-05-26 17:41:28, INFO, ::1, File[ F:\Server\web\pay\sfb\sdk\secureUtil.php ], Line[12]------ =====签名报文开始====== 
2018-05-26 17:41:28, INFO, ::1, File[ F:\Server\web\pay\sfb\sdk\secureUtil.php ], Line[18]------ 签名key=val&...串 >backUrl=http://test1.lsjcbl.top/notify_url.php&certId=1526265143868626&merId=7000000293&merchantNum=200370148160002&orderId=2018052617412810011&productCode=0202&signMethod=01&txnAmt=1000&txnSubType=02&txnTime=20180526174128&txnType=02&version=1.0 
2018-05-26 17:41:28, INFO, ::1, File[ F:\Server\web\pay\sfb\sdk\secureUtil.php ], Line[21]------ 摘要sha1x16 >3a294c59630573af9f88f5bb9510a37dc65b0b55 
2018-05-26 17:41:28, INFO, ::1, File[ F:\Server\web\pay\sfb\sdk\secureUtil.php ], Line[28]------ 签名串为 >tZ81A9cJHoJAsndAVPh0PzdrrYttrjp/mK3uDYJtDP3OBRH787eaeoBmfBRpqCZqNPRFhVaqLVVe7ZqvKpRkog76+YFHTIhGzx+d1eifki+UL51qonC3SCG5+bkaah6bta+JMg3fh0eG81CyeRJk22y7oW5m9RKmLYUcNX+5Mvs5m2jsiiae+U91NEPfWP/3upoLZIbqMq5JOF7YqhgjwPhI2l+vIFxgYiaogwgDACujCgrMjibpFR3YFp3e0713yTEm1Y6BujUFvvckzF2ZsDpfZVUUljqeGKZhtbAX6MaI4wpOj/7vpQlyxZxIYGogtjB1/LuxdlhX989MDf+ttw== 
2018-05-26 17:41:28, INFO, ::1, File[ F:\Server\web\pay\sfb\sdk\secureUtil.php ], Line[33]------ =====签名报文结束====== 
2018-05-26 17:41:30, INFO, ::1, File[ F:\Server\web\pay\sfb\sdk\secureUtil.php ], Line[71]------ 报文返回的证书ID>1493192193960028 
2018-05-26 17:41:30, INFO, ::1, File[ F:\Server\web\pay\sfb\sdk\secureUtil.php ], Line[74]------ 验证签名证书目录 :>./assets/certs/ 
2018-05-26 17:41:30, INFO, ::1, File[ F:\Server\web\pay\sfb\sdk\secureUtil.php ], Line[84]------ 加载验签证书成功 
2018-05-26 17:41:30, INFO, ::1, File[ F:\Server\web\pay\sfb\sdk\secureUtil.php ], Line[52]------ 报文去[signature] key=val&串>backUrl=http://test1.lsjcbl.top/notify_url.php&certId=1493192193960028&merId=7000000293&merchantNum=200370148160002&orderId=2018052617412810011&payInfo=weixin://wxpay/bizpayurl?pr=jdWjeVX&productCode=0202&queryId=18052618735654984964&respCode=66&respMsg=交易成功&signMethod=01&txnAmt=1000&txnSubType=02&txnTime=20180526174128&txnType=02&version=1.0 
2018-05-26 17:41:30, INFO, ::1, File[ F:\Server\web\pay\sfb\sdk\secureUtil.php ], Line[56]------ 摘要shax16>3f19a5bd8bf00abaebbba7d72e962d367bbd057b 
2018-05-26 17:41:30, INFO, ::1, File[ F:\Server\web\pay\sfb\sdk\secureUtil.php ], Line[58]------ 验签成功 
2018-05-26 17:49:38, INFO, ::1, File[ F:\Server\web\pay\sfb\sdk\secureUtil.php ], Line[12]------ =====签名报文开始====== 
2018-05-26 17:49:38, INFO, ::1, File[ F:\Server\web\pay\sfb\sdk\secureUtil.php ], Line[18]------ 签名key=val&...串 >backUrl=http://test1.lsjcbl.top/notify_url.php&certId=1526265143868626&merId=7000000293&merchantNum=200370148160002&orderId=2018052617493856883&productCode=0203&signMethod=01&txnAmt=1000&txnSubType=03&txnTime=20180526174938&txnType=02&version=1.0 
2018-05-26 17:49:38, INFO, ::1, File[ F:\Server\web\pay\sfb\sdk\secureUtil.php ], Line[21]------ 摘要sha1x16 >645dbb167f49cb670b13d6db6248a92579594f8f 
2018-05-26 17:49:38, INFO, ::1, File[ F:\Server\web\pay\sfb\sdk\secureUtil.php ], Line[28]------ 签名串为 >gc4X4PuUnvaZb1Ji1MzoDCQIrwSEckq5e6IAtksqG7UtzEmUC2oH9vdQ6YCn2Dyv10AnAbuya1T7ZAM+pkpXaG8P2NM0AWNH0Wxu5WIhWlTxblC9WPPvuuBJbGY87Clzb4CQ8n5zZ2CF28Og64o5Umqctq/DzoW2owlh9MPFMdollqdmeD+04FEXtbLxqcOERqJ4onpVUlV+cCIk779viAtXxiVG9kd/EynFVousa3b2MD0IuJZCop/lHCbd98LtLXDLbyxTP6xQICAgArqqHuOZKqEDP/M1Sr3wncVG6ioD7TU3XNu7LiwhX7V2MvFDf8ZARhOiLnbUvdveqivpOQ== 
2018-05-26 17:49:38, INFO, ::1, File[ F:\Server\web\pay\sfb\sdk\secureUtil.php ], Line[33]------ =====签名报文结束====== 
2018-05-26 17:49:40, INFO, ::1, File[ F:\Server\web\pay\sfb\sdk\secureUtil.php ], Line[71]------ 报文返回的证书ID>1493192193960028 
2018-05-26 17:49:40, INFO, ::1, File[ F:\Server\web\pay\sfb\sdk\secureUtil.php ], Line[74]------ 验证签名证书目录 :>./assets/certs/ 
2018-05-26 17:49:40, INFO, ::1, File[ F:\Server\web\pay\sfb\sdk\secureUtil.php ], Line[84]------ 加载验签证书成功 
2018-05-26 17:49:40, INFO, ::1, File[ F:\Server\web\pay\sfb\sdk\secureUtil.php ], Line[52]------ 报文去[signature] key=val&串>backUrl=http://test1.lsjcbl.top/notify_url.php&certId=1493192193960028&merId=7000000293&merchantNum=200370148160002&orderId=2018052617493856883&payInfo=https://qr.alipay.com/bax03134s2r2ondyp8d300d2&productCode=0203&queryId=18052617365052555452&respCode=66&respMsg=交易成功&signMethod=01&txnAmt=1000&txnSubType=03&txnTime=20180526174938&txnType=02&version=1.0 
2018-05-26 17:49:40, INFO, ::1, File[ F:\Server\web\pay\sfb\sdk\secureUtil.php ], Line[56]------ 摘要shax16>834e3c835533e386e0d7623d6db5ba82f58aa0fa 
2018-05-26 17:49:40, INFO, ::1, File[ F:\Server\web\pay\sfb\sdk\secureUtil.php ], Line[58]------ 验签成功 
2018-05-26 17:50:42, INFO, ::1, File[ F:\Server\web\pay\sfb\sdk\secureUtil.php ], Line[12]------ =====签名报文开始====== 
2018-05-26 17:50:42, INFO, ::1, File[ F:\Server\web\pay\sfb\sdk\secureUtil.php ], Line[18]------ 签名key=val&...串 >backUrl=http://test1.lsjcbl.top/notify_url.php&certId=1526265143868626&merId=7000000293&merchantNum=200370148160002&orderId=2018052617504248916&productCode=0202&signMethod=01&txnAmt=1000&txnSubType=02&txnTime=20180526175042&txnType=02&version=1.0 
2018-05-26 17:50:42, INFO, ::1, File[ F:\Server\web\pay\sfb\sdk\secureUtil.php ], Line[21]------ 摘要sha1x16 >6a96a94df8ae9337865b357f6693f89ded6617f6 
2018-05-26 17:50:42, INFO, ::1, File[ F:\Server\web\pay\sfb\sdk\secureUtil.php ], Line[28]------ 签名串为 >oYMkdp0kRwTqQJ0mofetjJ9d8XshRSGwY7LRD6wWgTJqVUnf7tLMujamVdm7JQXqqTVcxHoebjnyBP6Z40UQj5FClP8fOqOO5ccDz7VEaj2E5RyT1euLej9kRw0ldMjEnqJou5OasnPl4N/6EYo0Z3Ni1e6mtavsrotafJhh2L6kwskkDY/rBOwQndysDeqDdNt7syUEn+67E6o3raheB2bNt3urxuSI2o7uxYYjPTgxSMhQh+qFQKV/1dYOkix21QRxzGqrlTciiXQW4YCWrLwNH4C9W6BGzPpaChju/p/+Rv4h4Z5A4XGewcaeuaWUhApDZF9DO0cb9nHW1+FFag== 
2018-05-26 17:50:42, INFO, ::1, File[ F:\Server\web\pay\sfb\sdk\secureUtil.php ], Line[33]------ =====签名报文结束====== 
2018-05-26 17:50:46, INFO, ::1, File[ F:\Server\web\pay\sfb\sdk\secureUtil.php ], Line[71]------ 报文返回的证书ID>1493192193960028 
2018-05-26 17:50:46, INFO, ::1, File[ F:\Server\web\pay\sfb\sdk\secureUtil.php ], Line[74]------ 验证签名证书目录 :>./assets/certs/ 
2018-05-26 17:50:46, INFO, ::1, File[ F:\Server\web\pay\sfb\sdk\secureUtil.php ], Line[84]------ 加载验签证书成功 
2018-05-26 17:50:46, INFO, ::1, File[ F:\Server\web\pay\sfb\sdk\secureUtil.php ], Line[52]------ 报文去[signature] key=val&串>backUrl=http://test1.lsjcbl.top/notify_url.php&certId=1493192193960028&merId=7000000293&merchantNum=200370148160002&orderId=2018052617504248916&payInfo=weixin://wxpay/bizpayurl?pr=2oKlyDg&productCode=0202&queryId=18052616835054995478&respCode=66&respMsg=交易成功&signMethod=01&txnAmt=1000&txnSubType=02&txnTime=20180526175042&txnType=02&version=1.0 
2018-05-26 17:50:46, INFO, ::1, File[ F:\Server\web\pay\sfb\sdk\secureUtil.php ], Line[56]------ 摘要shax16>f798cd090b02fff475adf00541ad3fa48301d510 
2018-05-26 17:50:46, INFO, ::1, File[ F:\Server\web\pay\sfb\sdk\secureUtil.php ], Line[58]------ 验签成功 
2018-05-26 17:53:14, INFO, ::1, File[ F:\Server\web\pay\sfb\sdk\secureUtil.php ], Line[12]------ =====签名报文开始====== 
2018-05-26 17:53:14, INFO, ::1, File[ F:\Server\web\pay\sfb\sdk\secureUtil.php ], Line[18]------ 签名key=val&...串 >backUrl=http://test1.lsjcbl.top/notify_url.php&certId=1526265143868626&merId=7000000293&merchantNum=200370148160002&orderId=2018052617531440842&productCode=0202&signMethod=01&txnAmt=1000&txnSubType=02&txnTime=20180526175314&txnType=02&version=1.0 
2018-05-26 17:53:14, INFO, ::1, File[ F:\Server\web\pay\sfb\sdk\secureUtil.php ], Line[21]------ 摘要sha1x16 >70bb031a75b44c05f717c13ad78074fcd0536279 
2018-05-26 17:53:14, INFO, ::1, File[ F:\Server\web\pay\sfb\sdk\secureUtil.php ], Line[28]------ 签名串为 >dKk7TypAXRQxbYJC3rYfePtXiyDNhBPsn/GtwYnL28rDCXe3EEjXYDimDH3yFcBhss0bu3np9FEdf+bR+oSE3LYHaWSt+eDXvPf+f2GZQOL/j63wp09yLRV9PgcpxbKjwhWrXsT0d69qU+ewcse90rGtTbUlX8JQXkYVSjrllRSEGPIiKsUi99G925uHQIP5oDfY4QhuiRET0SEZ8+kbWAMyTPIXrjJIukveXiKNud375Sj3GZtHG88RsIJwEGqBK8U8NIvBVdEn6Z/xA+Bz0IrdENyDuqdxS2FdjcPFbjYmraIKDKC/45NVkoT5foMYzN1HinTu7yzZMD6sbOlkmg== 
2018-05-26 17:53:14, INFO, ::1, File[ F:\Server\web\pay\sfb\sdk\secureUtil.php ], Line[33]------ =====签名报文结束====== 
2018-05-26 17:53:16, INFO, ::1, File[ F:\Server\web\pay\sfb\sdk\secureUtil.php ], Line[71]------ 报文返回的证书ID>1493192193960028 
2018-05-26 17:53:16, INFO, ::1, File[ F:\Server\web\pay\sfb\sdk\secureUtil.php ], Line[74]------ 验证签名证书目录 :>./assets/certs/ 
2018-05-26 17:53:16, INFO, ::1, File[ F:\Server\web\pay\sfb\sdk\secureUtil.php ], Line[84]------ 加载验签证书成功 
2018-05-26 17:53:16, INFO, ::1, File[ F:\Server\web\pay\sfb\sdk\secureUtil.php ], Line[52]------ 报文去[signature] key=val&串>backUrl=http://test1.lsjcbl.top/notify_url.php&certId=1493192193960028&merId=7000000293&merchantNum=200370148160002&orderId=2018052617531440842&payInfo=weixin://wxpay/bizpayurl?pr=knkAvAO&productCode=0202&queryId=18052618749710152485&respCode=66&respMsg=交易成功&signMethod=01&txnAmt=1000&txnSubType=02&txnTime=20180526175314&txnType=02&version=1.0 
2018-05-26 17:53:16, INFO, ::1, File[ F:\Server\web\pay\sfb\sdk\secureUtil.php ], Line[56]------ 摘要shax16>ca9f3d0942efb33d3d865525fe7afaea3dfd3d04 
2018-05-26 17:53:16, INFO, ::1, File[ F:\Server\web\pay\sfb\sdk\secureUtil.php ], Line[58]------ 验签成功 
2018-05-26 17:54:35, INFO, ::1, File[ F:\Server\web\pay\sfb\sdk\secureUtil.php ], Line[12]------ =====签名报文开始====== 
2018-05-26 17:54:35, INFO, ::1, File[ F:\Server\web\pay\sfb\sdk\secureUtil.php ], Line[18]------ 签名key=val&...串 >backUrl=http://test1.lsjcbl.top/notify_url.php&certId=1526265143868626&merId=7000000293&merchantNum=200370148160002&orderId=2018052617543451027&productCode=0203&signMethod=01&txnAmt=1000&txnSubType=03&txnTime=20180526175435&txnType=02&version=1.0 
2018-05-26 17:54:35, INFO, ::1, File[ F:\Server\web\pay\sfb\sdk\secureUtil.php ], Line[21]------ 摘要sha1x16 >adf1095f1406b7377af4fdfbfb1d0bdc12a9a37f 
2018-05-26 17:54:35, INFO, ::1, File[ F:\Server\web\pay\sfb\sdk\secureUtil.php ], Line[28]------ 签名串为 >FhN6voHmJrKyS8o9dO7Uyq8/EVOmtOMfSEN++EUF0TbCk4VAXcg4R73MFSghwhGYbbWgUqEbjTGDjKnH/YzDPu6qA+YT2vz2JNwIao4lYiZlQaUSsnN0i2IzTpcArZHdS45zAHx2dgdDeGu5au9udaXBs60pI3tPEe2vrVV4PkgBMOuiM1AC1MmnV59zDkouoZDZ37LORaiFKfAJSo54P3+WRpOIxPfTcwOJBVrMGH+MF1L9iSIhyffRXd1ZxPTxqyTSLqNSjvGlXQC+CqjzBoOYG+YiyOZ49UaSZwNOqMjiZeHKb25fubuLHVelU5pk1HHghbPmH/QlRhQZwd7wiQ== 
2018-05-26 17:54:35, INFO, ::1, File[ F:\Server\web\pay\sfb\sdk\secureUtil.php ], Line[33]------ =====签名报文结束====== 
2018-05-26 17:54:37, INFO, ::1, File[ F:\Server\web\pay\sfb\sdk\secureUtil.php ], Line[71]------ 报文返回的证书ID>1493192193960028 
2018-05-26 17:54:37, INFO, ::1, File[ F:\Server\web\pay\sfb\sdk\secureUtil.php ], Line[74]------ 验证签名证书目录 :>./assets/certs/ 
2018-05-26 17:54:37, INFO, ::1, File[ F:\Server\web\pay\sfb\sdk\secureUtil.php ], Line[84]------ 加载验签证书成功 
2018-05-26 17:54:37, INFO, ::1, File[ F:\Server\web\pay\sfb\sdk\secureUtil.php ], Line[52]------ 报文去[signature] key=val&串>backUrl=http://test1.lsjcbl.top/notify_url.php&certId=1493192193960028&merId=7000000293&merchantNum=200370148160002&orderId=2018052617543451027&payInfo=https://qr.alipay.com/bax07038iqazptnt6cyx60ee&productCode=0203&queryId=18052618089850101582&respCode=66&respMsg=交易成功&signMethod=01&txnAmt=1000&txnSubType=03&txnTime=20180526175435&txnType=02&version=1.0 
2018-05-26 17:54:37, INFO, ::1, File[ F:\Server\web\pay\sfb\sdk\secureUtil.php ], Line[56]------ 摘要shax16>fb4fa40da1ffd2a457b402de6612e3911189caee 
2018-05-26 17:54:37, INFO, ::1, File[ F:\Server\web\pay\sfb\sdk\secureUtil.php ], Line[58]------ 验签成功 
2018-05-26 17:54:42, INFO, ::1, File[ F:\Server\web\pay\sfb\sdk\secureUtil.php ], Line[12]------ =====签名报文开始====== 
2018-05-26 17:54:42, INFO, ::1, File[ F:\Server\web\pay\sfb\sdk\secureUtil.php ], Line[18]------ 签名key=val&...串 >backUrl=http://test1.lsjcbl.top/notify_url.php&certId=1526265143868626&merId=7000000293&merchantNum=200370148160002&orderId=2018052617544294526&productCode=0202&signMethod=01&txnAmt=1000&txnSubType=02&txnTime=20180526175442&txnType=02&version=1.0 
2018-05-26 17:54:42, INFO, ::1, File[ F:\Server\web\pay\sfb\sdk\secureUtil.php ], Line[21]------ 摘要sha1x16 >127ab1095b600fb92fe4cdc59eecda3fecc26991 
2018-05-26 17:54:42, INFO, ::1, File[ F:\Server\web\pay\sfb\sdk\secureUtil.php ], Line[28]------ 签名串为 >mhyADuC/U6ixYvIZTucR+LBULju+sI3UtkxcE1YqQE3HUbm5t0lwFT8Poc6QP7V+9tSVlY+fHIHiMCEONmxtGGtPlqCHGsoXskmTviz/3HAVfuSTlsztKFt2Oy9sIDHxSXqFAiFcbmxp9jcGCFFOu7YA7oG8ZH1vO6EuPm7pYUW2PCJftHWOTVDL+8jKHJboTPI/BWfyUs8M/GFHgxYNQLQKUvtTxfvEpmAVs2NKmr/3G2dh0v3CGMv2SFzV6tk8T9EzrD6OWucIt2K65JrTQ+JOPXRIiQ30qBduJRdrZEWCnGUVQh1mRsNRiyOURtk7Zy1B4WKX1pXwl252Fzq9Gw== 
2018-05-26 17:54:42, INFO, ::1, File[ F:\Server\web\pay\sfb\sdk\secureUtil.php ], Line[33]------ =====签名报文结束====== 
2018-05-26 17:54:44, INFO, ::1, File[ F:\Server\web\pay\sfb\sdk\secureUtil.php ], Line[71]------ 报文返回的证书ID>1493192193960028 
2018-05-26 17:54:44, INFO, ::1, File[ F:\Server\web\pay\sfb\sdk\secureUtil.php ], Line[74]------ 验证签名证书目录 :>./assets/certs/ 
2018-05-26 17:54:44, INFO, ::1, File[ F:\Server\web\pay\sfb\sdk\secureUtil.php ], Line[84]------ 加载验签证书成功 
2018-05-26 17:54:44, INFO, ::1, File[ F:\Server\web\pay\sfb\sdk\secureUtil.php ], Line[52]------ 报文去[signature] key=val&串>backUrl=http://test1.lsjcbl.top/notify_url.php&certId=1493192193960028&merId=7000000293&merchantNum=200370148160002&orderId=2018052617544294526&payInfo=weixin://wxpay/bizpayurl?pr=8Rim0nA&productCode=0202&queryId=18052617365054102433&respCode=66&respMsg=交易成功&signMethod=01&txnAmt=1000&txnSubType=02&txnTime=20180526175442&txnType=02&version=1.0 
2018-05-26 17:54:44, INFO, ::1, File[ F:\Server\web\pay\sfb\sdk\secureUtil.php ], Line[56]------ 摘要shax16>36c680cfb5f72edbc8d901d916a9ae3b230a0076 
2018-05-26 17:54:44, INFO, ::1, File[ F:\Server\web\pay\sfb\sdk\secureUtil.php ], Line[58]------ 验签成功 
2018-05-26 18:44:16, INFO, 171.223.32.52, File[ D:\wwwroot\paymall\wwwroot\pay\sfb\sdk\secureUtil.php ], Line[12]------ =====签名报文开始====== 
2018-05-26 18:44:16, INFO, 171.223.32.52, File[ D:\wwwroot\paymall\wwwroot\pay\sfb\sdk\secureUtil.php ], Line[18]------ 签名key=val&...串 >backUrl=http://pay.7zcyl.com/pay/sfb/return_url.php&certId=1526265143868626&merId=7000000293&merchantNum=200370148160002&orderId=2018052618441654107&productCode=0203&signMethod=01&txnAmt=200&txnSubType=03&txnTime=20180526184416&txnType=02&version=1.0 
2018-05-26 18:44:16, INFO, 171.223.32.52, File[ D:\wwwroot\paymall\wwwroot\pay\sfb\sdk\secureUtil.php ], Line[21]------ 摘要sha1x16 >c84162e2b157ad5aff8b5f6f4afa1903bca469d5 
2018-05-26 18:44:16, INFO, 171.223.32.52, File[ D:\wwwroot\paymall\wwwroot\pay\sfb\sdk\secureUtil.php ], Line[28]------ 签名串为 >DfnyItcugfZQ+Vv0Ql5hoFDNLoK+dnRM/OZW6dAitn5eqtLFzxK5OKIi5f2w7IBgoRqDe9PqGrs0ktIxB17qSZKwgn8KH+nyhJyW9qKRLOlp/7p4DXKETUhZZqP2XyThgPfWRoAIZB6rL7zQLCgzVrWsnKqF1ydF378tKfBbJtvxWhlpoh4mrlYhWaTe5d8ITraSzyYH85WghY/BajrP2oUXhLhlJshc+rtDguiB2GhfSLxruLCx0tUkKkjEtwERdnypmYNHYLkjv4KaiBsFVwIGgc12eKc5Cq6FydORuGAmp0YTX2kYAi7aWvoHTkTVuWwYjNDcgfMJyPVBvEbmWQ== 
2018-05-26 18:44:16, INFO, 171.223.32.52, File[ D:\wwwroot\paymall\wwwroot\pay\sfb\sdk\secureUtil.php ], Line[33]------ =====签名报文结束====== 
2018-05-26 18:44:18, INFO, 171.223.32.52, File[ D:\wwwroot\paymall\wwwroot\pay\sfb\sdk\secureUtil.php ], Line[71]------ 报文返回的证书ID>1493192193960028 
2018-05-26 18:44:18, INFO, 171.223.32.52, File[ D:\wwwroot\paymall\wwwroot\pay\sfb\sdk\secureUtil.php ], Line[74]------ 验证签名证书目录 :>./assets/certs/ 
2018-05-26 18:44:18, INFO, 171.223.32.52, File[ D:\wwwroot\paymall\wwwroot\pay\sfb\sdk\secureUtil.php ], Line[84]------ 加载验签证书成功 
2018-05-26 18:44:18, INFO, 171.223.32.52, File[ D:\wwwroot\paymall\wwwroot\pay\sfb\sdk\secureUtil.php ], Line[52]------ 报文去[signature] key=val&串>backUrl=http://pay.7zcyl.com/pay/sfb/return_url.php&certId=1493192193960028&merId=7000000293&merchantNum=200370148160002&orderId=2018052618441654107&payInfo=https://qr.alipay.com/bax06447n8mgsvu2r1gy8044&productCode=0203&queryId=18052618374851991072&respCode=66&respMsg=交易成功&signMethod=01&txnAmt=200&txnSubType=03&txnTime=20180526184416&txnType=02&version=1.0 
2018-05-26 18:44:18, INFO, 171.223.32.52, File[ D:\wwwroot\paymall\wwwroot\pay\sfb\sdk\secureUtil.php ], Line[56]------ 摘要shax16>3f3e8629612b2d477cae6127d847c7a9979f8494 
2018-05-26 18:44:18, INFO, 171.223.32.52, File[ D:\wwwroot\paymall\wwwroot\pay\sfb\sdk\secureUtil.php ], Line[58]------ 验签成功 
2018-05-26 18:50:33, INFO, 124.133.166.34, File[ D:\wwwroot\paymall\wwwroot\pay\sfb\sdk\secureUtil.php ], Line[12]------ =====签名报文开始====== 
2018-05-26 18:50:33, INFO, 124.133.166.34, File[ D:\wwwroot\paymall\wwwroot\pay\sfb\sdk\secureUtil.php ], Line[18]------ 签名key=val&...串 >backUrl=http://pay.7zcyl.com/pay/sfb/return_url.php&certId=1526265143868626&merId=7000000293&merchantNum=200370148160002&orderId=2018052618503393986&productCode=0203&signMethod=01&txnAmt=200&txnSubType=03&txnTime=20180526185033&txnType=02&version=1.0 
2018-05-26 18:50:33, INFO, 124.133.166.34, File[ D:\wwwroot\paymall\wwwroot\pay\sfb\sdk\secureUtil.php ], Line[21]------ 摘要sha1x16 >e76a23f705b6c18650be605cef8d61338b52bb2d 
2018-05-26 18:50:33, INFO, 124.133.166.34, File[ D:\wwwroot\paymall\wwwroot\pay\sfb\sdk\secureUtil.php ], Line[28]------ 签名串为 >OawjVSWuhCP9I+HR0A3gCi9z/of5gChJ0+ZXcUE+xkvMr+oPu2o98WBItDFHejP2sydaHYWb1sIQLj+AfGH74T5EiUhLpIQvn3o3fWWRvrIQbDHB/1RJDuRcvF19iLJ3pc+rh1EZjPLahDAKmDLoyER6tdUXsGn9CpJaOrrnublHrrM+OUqTQJt1zjjTdwX5zbVhPLVDFRqxHvuIMP88+v3BsXgHU42We3JXsdiYpfuttf8qV6xvAGB5y9EfdFaAdbslxY0IwahGPKf0vrTFfX2BTeAiKeyTn68slyMR/sPCTUkhum4axmR7b5AbEpHvEe6PybpmY494O3R0zNuKHg== 
2018-05-26 18:50:33, INFO, 124.133.166.34, File[ D:\wwwroot\paymall\wwwroot\pay\sfb\sdk\secureUtil.php ], Line[33]------ =====签名报文结束====== 
2018-05-26 18:50:36, INFO, 124.133.166.34, File[ D:\wwwroot\paymall\wwwroot\pay\sfb\sdk\secureUtil.php ], Line[71]------ 报文返回的证书ID>1493192193960028 
2018-05-26 18:50:36, INFO, 124.133.166.34, File[ D:\wwwroot\paymall\wwwroot\pay\sfb\sdk\secureUtil.php ], Line[74]------ 验证签名证书目录 :>./assets/certs/ 
2018-05-26 18:50:36, INFO, 124.133.166.34, File[ D:\wwwroot\paymall\wwwroot\pay\sfb\sdk\secureUtil.php ], Line[84]------ 加载验签证书成功 
2018-05-26 18:50:36, INFO, 124.133.166.34, File[ D:\wwwroot\paymall\wwwroot\pay\sfb\sdk\secureUtil.php ], Line[52]------ 报文去[signature] key=val&串>backUrl=http://pay.7zcyl.com/pay/sfb/return_url.php&certId=1493192193960028&merId=7000000293&merchantNum=200370148160002&orderId=2018052618503393986&payInfo=https://qr.alipay.com/bax02995jf5c2h5env2l4017&productCode=0203&queryId=18052618735797565787&respCode=66&respMsg=交易成功&signMethod=01&txnAmt=200&txnSubType=03&txnTime=20180526185033&txnType=02&version=1.0 
2018-05-26 18:50:36, INFO, 124.133.166.34, File[ D:\wwwroot\paymall\wwwroot\pay\sfb\sdk\secureUtil.php ], Line[56]------ 摘要shax16>96f051099cbde054ae86f78a6d7aad58c1fabf8d 
2018-05-26 18:50:36, INFO, 124.133.166.34, File[ D:\wwwroot\paymall\wwwroot\pay\sfb\sdk\secureUtil.php ], Line[58]------ 验签成功 
2018-05-26 18:58:03, INFO, 106.120.161.66, File[ D:\wwwroot\paymall\wwwroot\pay\sfb\sdk\secureUtil.php ], Line[12]------ =====签名报文开始====== 
2018-05-26 18:58:03, INFO, 106.120.161.66, File[ D:\wwwroot\paymall\wwwroot\pay\sfb\sdk\secureUtil.php ], Line[18]------ 签名key=val&...串 >backUrl=http://pay.7zcyl.com/pay/sfb/return_url.php&certId=1526265143868626&merId=7000000293&merchantNum=200370148160002&orderId=2018052618503393986&productCode=0203&signMethod=01&txnAmt=200&txnSubType=03&txnTime=20180526185803&txnType=02&version=1.0 
2018-05-26 18:58:03, INFO, 106.120.161.66, File[ D:\wwwroot\paymall\wwwroot\pay\sfb\sdk\secureUtil.php ], Line[21]------ 摘要sha1x16 >ad23c44ca1394ad7ffe09b3eedd5dc004047ca91 
2018-05-26 18:58:03, INFO, 106.120.161.66, File[ D:\wwwroot\paymall\wwwroot\pay\sfb\sdk\secureUtil.php ], Line[28]------ 签名串为 >jHQ5lyo5Rzml+fOqF/Ps+KvldnY1xN7AKCCx+t+ffNHW+6fyygZBl+qiLslgydltqoiR3AAP8VF5UBPvSC19yM7KmnQDRk9oRB01pgJ+f8ANCuKWBAuon93gzq/DpkueJhcN/ebhSgDogN2CHObF3k1Mkyu1SBY3VqWX3QyucbymRziTqQLA0n60D63yzvIN4dFmd+wib/+npbxMj6FUCUs7mAJUbB4bDRuIUYsAz5wSUFzKbWPIbv33b7uUngqcq9d/2cnbWxWc/Kob4Fi1hCxOafwU27VeIT/btpkQ4vwZ7uIepmh1AHcyucyADmk74fJvfcBx8ZA+CS5+ToLp+Q== 
2018-05-26 18:58:03, INFO, 106.120.161.66, File[ D:\wwwroot\paymall\wwwroot\pay\sfb\sdk\secureUtil.php ], Line[33]------ =====签名报文结束====== 
2018-05-26 18:58:04, INFO, 106.120.161.66, File[ D:\wwwroot\paymall\wwwroot\pay\sfb\sdk\secureUtil.php ], Line[71]------ 报文返回的证书ID>1493192193960028 
2018-05-26 18:58:04, INFO, 106.120.161.66, File[ D:\wwwroot\paymall\wwwroot\pay\sfb\sdk\secureUtil.php ], Line[74]------ 验证签名证书目录 :>./assets/certs/ 
2018-05-26 18:58:04, INFO, 106.120.161.66, File[ D:\wwwroot\paymall\wwwroot\pay\sfb\sdk\secureUtil.php ], Line[84]------ 加载验签证书成功 
2018-05-26 18:58:04, INFO, 106.120.161.66, File[ D:\wwwroot\paymall\wwwroot\pay\sfb\sdk\secureUtil.php ], Line[52]------ 报文去[signature] key=val&串>backUrl=http://pay.7zcyl.com/pay/sfb/return_url.php&certId=1493192193960028&merId=7000000293&merchantNum=200370148160002&orderId=2018052618503393986&productCode=0203&respCode=44&respMsg=订单异常[203007]&signMethod=01&txnAmt=200&txnSubType=03&txnTime=20180526185803&txnType=02&version=1.0 
2018-05-26 18:58:04, INFO, 106.120.161.66, File[ D:\wwwroot\paymall\wwwroot\pay\sfb\sdk\secureUtil.php ], Line[56]------ 摘要shax16>06648ee55823d4a5a3f01a1555b5fa6a33fbd3c6 
2018-05-26 18:58:04, INFO, 106.120.161.66, File[ D:\wwwroot\paymall\wwwroot\pay\sfb\sdk\secureUtil.php ], Line[58]------ 验签成功 
2018-05-26 18:58:29, INFO, 210.209.70.62, File[ D:\wwwroot\paymall\wwwroot\pay\sfb\sdk\secureUtil.php ], Line[12]------ =====签名报文开始====== 
2018-05-26 18:58:29, INFO, 210.209.70.62, File[ D:\wwwroot\paymall\wwwroot\pay\sfb\sdk\secureUtil.php ], Line[18]------ 签名key=val&...串 >backUrl=http://pay.7zcyl.com/pay/sfb/return_url.php&certId=1526265143868626&merId=7000000293&merchantNum=200370148160002&orderId=2018052618503393986&productCode=0203&signMethod=01&txnAmt=200&txnSubType=03&txnTime=20180526185829&txnType=02&version=1.0 
2018-05-26 18:58:29, INFO, 210.209.70.62, File[ D:\wwwroot\paymall\wwwroot\pay\sfb\sdk\secureUtil.php ], Line[21]------ 摘要sha1x16 >08d64abe64eee0f0a94d85c7e9b4c49b6ade3ad5 
2018-05-26 18:58:29, INFO, 210.209.70.62, File[ D:\wwwroot\paymall\wwwroot\pay\sfb\sdk\secureUtil.php ], Line[28]------ 签名串为 >hNRkWapemx6diRcGfGlyeB3dJFgZXPcTc+nKXBb8ccQtSzNLUWwn4uOERl7qPDXUe3jb6rel2xCN8DuDEx/u7hNMlef0htRDT+9B0ANLhECN2XU5StZ0OzKqLz1PmPuty8utHnEaswvArDp7Q+lTFnc0d5z4+Q5nIKvRfJ+QwJ9Hjwu4XzKfIIyZeFLNQ9DcdbQEof0hoTxv+ZQIPcTRl1QHFHg8nS+HUNYUiBpj2z5nxCaCBxtnOP46BkK2UfNd5sbneAX5wt2GMfsplQxaE36CkM9mQyuaIt9syP9wsA2xPMd4t/eTBBwfWqkJMTPy1hBEocz0pwzcWE6NYcQq6Q== 
2018-05-26 18:58:29, INFO, 210.209.70.62, File[ D:\wwwroot\paymall\wwwroot\pay\sfb\sdk\secureUtil.php ], Line[33]------ =====签名报文结束====== 
2018-05-26 18:58:30, INFO, 210.209.70.62, File[ D:\wwwroot\paymall\wwwroot\pay\sfb\sdk\secureUtil.php ], Line[71]------ 报文返回的证书ID>1493192193960028 
2018-05-26 18:58:30, INFO, 210.209.70.62, File[ D:\wwwroot\paymall\wwwroot\pay\sfb\sdk\secureUtil.php ], Line[74]------ 验证签名证书目录 :>./assets/certs/ 
2018-05-26 18:58:30, INFO, 210.209.70.62, File[ D:\wwwroot\paymall\wwwroot\pay\sfb\sdk\secureUtil.php ], Line[84]------ 加载验签证书成功 
2018-05-26 18:58:30, INFO, 210.209.70.62, File[ D:\wwwroot\paymall\wwwroot\pay\sfb\sdk\secureUtil.php ], Line[52]------ 报文去[signature] key=val&串>backUrl=http://pay.7zcyl.com/pay/sfb/return_url.php&certId=1493192193960028&merId=7000000293&merchantNum=200370148160002&orderId=2018052618503393986&productCode=0203&respCode=44&respMsg=订单异常[203007]&signMethod=01&txnAmt=200&txnSubType=03&txnTime=20180526185829&txnType=02&version=1.0 
2018-05-26 18:58:30, INFO, 210.209.70.62, File[ D:\wwwroot\paymall\wwwroot\pay\sfb\sdk\secureUtil.php ], Line[56]------ 摘要shax16>2f73be290cfd5240143655561c294f21baf56b3d 
2018-05-26 18:58:30, INFO, 210.209.70.62, File[ D:\wwwroot\paymall\wwwroot\pay\sfb\sdk\secureUtil.php ], Line[58]------ 验签成功 
2018-05-26 19:09:33, INFO, 124.133.166.34, File[ D:\wwwroot\paymall\wwwroot\pay\sfb\sdk\secureUtil.php ], Line[12]------ =====签名报文开始====== 
2018-05-26 19:09:33, INFO, 124.133.166.34, File[ D:\wwwroot\paymall\wwwroot\pay\sfb\sdk\secureUtil.php ], Line[18]------ 签名key=val&...串 >backUrl=http://pay.7zcyl.com/pay/sfb/return_url.php&certId=1526265143868626&merId=7000000293&merchantNum=200370148160002&orderId=2018052619093384861&productCode=0202&signMethod=01&txnAmt=200&txnSubType=02&txnTime=20180526190933&txnType=02&version=1.0 
2018-05-26 19:09:33, INFO, 124.133.166.34, File[ D:\wwwroot\paymall\wwwroot\pay\sfb\sdk\secureUtil.php ], Line[21]------ 摘要sha1x16 >cbe42f04ea441edf1d7b5d97118378f3107acd0f 
2018-05-26 19:09:33, INFO, 124.133.166.34, File[ D:\wwwroot\paymall\wwwroot\pay\sfb\sdk\secureUtil.php ], Line[28]------ 签名串为 >mVvgRC5/btUKBJ5ZVmtdwmf4y2LiMw5LKf3xx8DCia0Ja4N2nsxTCnF/sLi/iRvKH3BHPkURKAJj9tf/9qnU731Ap0Hdtk2EjMTxZOD3O9wGsA9rw1jgNWz8YOE/9CjdEi4eo9ZwAfStSysGg68ouxU382minZu2ll7mSBrXj1zUcfPwGdxi+H/x8JT2v4vVJtJmgjmN4qYR7hEweCWfTlJKYEyRvEpVZS1wnACUqgDaRq4xdfSFItfvKS9i6WuUnUbjjkzJDjfZ6i0h7i3I+ettTSNkJ5jbqsI3lUK5w9ozPqLG9nXAOHPJMElidd6G38GgIfnspNjZJcLOHIFXKQ== 
2018-05-26 19:09:33, INFO, 124.133.166.34, File[ D:\wwwroot\paymall\wwwroot\pay\sfb\sdk\secureUtil.php ], Line[33]------ =====签名报文结束====== 
2018-05-26 19:09:36, INFO, 124.133.166.34, File[ D:\wwwroot\paymall\wwwroot\pay\sfb\sdk\secureUtil.php ], Line[71]------ 报文返回的证书ID>1493192193960028 
2018-05-26 19:09:36, INFO, 124.133.166.34, File[ D:\wwwroot\paymall\wwwroot\pay\sfb\sdk\secureUtil.php ], Line[74]------ 验证签名证书目录 :>./assets/certs/ 
2018-05-26 19:09:36, INFO, 124.133.166.34, File[ D:\wwwroot\paymall\wwwroot\pay\sfb\sdk\secureUtil.php ], Line[84]------ 加载验签证书成功 
2018-05-26 19:09:36, INFO, 124.133.166.34, File[ D:\wwwroot\paymall\wwwroot\pay\sfb\sdk\secureUtil.php ], Line[52]------ 报文去[signature] key=val&串>backUrl=http://pay.7zcyl.com/pay/sfb/return_url.php&certId=1493192193960028&merId=7000000293&merchantNum=200370148160002&orderId=2018052619093384861&payInfo=weixin://wxpay/bizpayurl?pr=YePBbdC&productCode=0202&queryId=18052619711001001054&respCode=66&respMsg=交易成功&signMethod=01&txnAmt=200&txnSubType=02&txnTime=20180526190933&txnType=02&version=1.0 
2018-05-26 19:09:36, INFO, 124.133.166.34, File[ D:\wwwroot\paymall\wwwroot\pay\sfb\sdk\secureUtil.php ], Line[56]------ 摘要shax16>864f0d17642f5ed98b7fd1b23602e1ea27c0f09a 
2018-05-26 19:09:36, INFO, 124.133.166.34, File[ D:\wwwroot\paymall\wwwroot\pay\sfb\sdk\secureUtil.php ], Line[58]------ 验签成功 
2018-05-26 19:16:57, INFO, 106.120.161.66, File[ D:\wwwroot\paymall\wwwroot\pay\sfb\sdk\secureUtil.php ], Line[12]------ =====签名报文开始====== 
2018-05-26 19:16:57, INFO, 106.120.161.66, File[ D:\wwwroot\paymall\wwwroot\pay\sfb\sdk\secureUtil.php ], Line[18]------ 签名key=val&...串 >backUrl=http://pay.7zcyl.com/pay/sfb/return_url.php&certId=1526265143868626&merId=7000000293&merchantNum=200370148160002&orderId=2018052618503393986&productCode=0203&signMethod=01&txnAmt=200&txnSubType=03&txnTime=20180526191657&txnType=02&version=1.0 
2018-05-26 19:16:57, INFO, 106.120.161.66, File[ D:\wwwroot\paymall\wwwroot\pay\sfb\sdk\secureUtil.php ], Line[21]------ 摘要sha1x16 >5120d1e2361e13149cf5307970551102320c5785 
2018-05-26 19:16:57, INFO, 106.120.161.66, File[ D:\wwwroot\paymall\wwwroot\pay\sfb\sdk\secureUtil.php ], Line[28]------ 签名串为 >FDELx5UNAdcxRebfv+GjMv7HTpvenCLudImd/AR9Pa325YyVAoSbtyvTAixo8bO2/uljwkx2NrCIHrOXrMTAIR4YbXIoNmUdX3/oqAVdje5c/cSnQ0/UhguHUg5qSzS29FlggJ1KhEykDG/zGegaV/EINCfQsIKcUuVliq5M7EyoszVdxq6DdEeh7vwVw0J1ZKk7wBcZZXW8/5ko9BeJLCtKBK+S41DlOZjQRLZVg6ZjiumZQduaikNyymy/1/Ld6fLtBtZRd4BvQ8n3Jp8a8k4WFo0Q4Kd/4OTetmsrdd8ghhitSZPvE38HglPmaQIoWAfXsWgS6KEm6AAHbwe4KA== 
2018-05-26 19:16:57, INFO, 106.120.161.66, File[ D:\wwwroot\paymall\wwwroot\pay\sfb\sdk\secureUtil.php ], Line[33]------ =====签名报文结束====== 
2018-05-26 19:16:57, INFO, 106.120.161.66, File[ D:\wwwroot\paymall\wwwroot\pay\sfb\sdk\secureUtil.php ], Line[71]------ 报文返回的证书ID>1493192193960028 
2018-05-26 19:16:57, INFO, 106.120.161.66, File[ D:\wwwroot\paymall\wwwroot\pay\sfb\sdk\secureUtil.php ], Line[74]------ 验证签名证书目录 :>./assets/certs/ 
2018-05-26 19:16:57, INFO, 106.120.161.66, File[ D:\wwwroot\paymall\wwwroot\pay\sfb\sdk\secureUtil.php ], Line[84]------ 加载验签证书成功 
2018-05-26 19:16:57, INFO, 106.120.161.66, File[ D:\wwwroot\paymall\wwwroot\pay\sfb\sdk\secureUtil.php ], Line[52]------ 报文去[signature] key=val&串>backUrl=http://pay.7zcyl.com/pay/sfb/return_url.php&certId=1493192193960028&merId=7000000293&merchantNum=200370148160002&orderId=2018052618503393986&productCode=0203&respCode=44&respMsg=订单异常[203007]&signMethod=01&txnAmt=200&txnSubType=03&txnTime=20180526191657&txnType=02&version=1.0 
2018-05-26 19:16:57, INFO, 106.120.161.66, File[ D:\wwwroot\paymall\wwwroot\pay\sfb\sdk\secureUtil.php ], Line[56]------ 摘要shax16>61069a8c2c48ec2fe74e4db49fbea429909ca03d 
2018-05-26 19:16:57, INFO, 106.120.161.66, File[ D:\wwwroot\paymall\wwwroot\pay\sfb\sdk\secureUtil.php ], Line[58]------ 验签成功 
2018-05-26 19:17:10, INFO, 101.199.112.52, File[ D:\wwwroot\paymall\wwwroot\pay\sfb\sdk\secureUtil.php ], Line[12]------ =====签名报文开始====== 
2018-05-26 19:17:10, INFO, 101.199.112.52, File[ D:\wwwroot\paymall\wwwroot\pay\sfb\sdk\secureUtil.php ], Line[18]------ 签名key=val&...串 >backUrl=http://pay.7zcyl.com/pay/sfb/return_url.php&certId=1526265143868626&merId=7000000293&merchantNum=200370148160002&orderId=2018052618503393986&productCode=0203&signMethod=01&txnAmt=200&txnSubType=03&txnTime=20180526191710&txnType=02&version=1.0 
2018-05-26 19:17:10, INFO, 101.199.112.52, File[ D:\wwwroot\paymall\wwwroot\pay\sfb\sdk\secureUtil.php ], Line[21]------ 摘要sha1x16 >6aabd61cc56a3f1084cd7f3bab987151e813d288 
2018-05-26 19:17:10, INFO, 101.199.112.52, File[ D:\wwwroot\paymall\wwwroot\pay\sfb\sdk\secureUtil.php ], Line[28]------ 签名串为 >xLdblrknUhGd2VJHqnv+L4555syzfD6urwbAwd+I9Yt2V4+z2/Gk/QSJf0zKuALhVlRn6TnS279YrW+sYKon0vEE5fkBmOBPQy9rMTJbXVjH4yMV1GjYmc/0oGws8+IdxoEZwo72AkyRuxqKJ7XtHK3FSl5g38u+iKgEZdQZbTmLhgr75OI/yEuvHnoeqdUCYr2pZqoL6mvvPqof4cVtozjRN/7hhZc4f7Bz8LwNshxvVyzXcVD2AW+WIKvuYrNnbQki27BwdX5OxeihHZXcvJw6AoMMUn1RgAYQYnsnTzx9AjDe4jmzEpM/ID00UAvbSWPlxTKpLZi4tv7MfoyfPg== 
2018-05-26 19:17:10, INFO, 101.199.112.52, File[ D:\wwwroot\paymall\wwwroot\pay\sfb\sdk\secureUtil.php ], Line[33]------ =====签名报文结束====== 
2018-05-26 19:17:10, INFO, 101.199.112.52, File[ D:\wwwroot\paymall\wwwroot\pay\sfb\sdk\secureUtil.php ], Line[71]------ 报文返回的证书ID>1493192193960028 
2018-05-26 19:17:10, INFO, 101.199.112.52, File[ D:\wwwroot\paymall\wwwroot\pay\sfb\sdk\secureUtil.php ], Line[74]------ 验证签名证书目录 :>./assets/certs/ 
2018-05-26 19:17:10, INFO, 101.199.112.52, File[ D:\wwwroot\paymall\wwwroot\pay\sfb\sdk\secureUtil.php ], Line[84]------ 加载验签证书成功 
2018-05-26 19:17:10, INFO, 101.199.112.52, File[ D:\wwwroot\paymall\wwwroot\pay\sfb\sdk\secureUtil.php ], Line[52]------ 报文去[signature] key=val&串>backUrl=http://pay.7zcyl.com/pay/sfb/return_url.php&certId=1493192193960028&merId=7000000293&merchantNum=200370148160002&orderId=2018052618503393986&productCode=0203&respCode=44&respMsg=订单异常[203007]&signMethod=01&txnAmt=200&txnSubType=03&txnTime=20180526191710&txnType=02&version=1.0 
2018-05-26 19:17:10, INFO, 101.199.112.52, File[ D:\wwwroot\paymall\wwwroot\pay\sfb\sdk\secureUtil.php ], Line[56]------ 摘要shax16>515a41a7d8b7dfabec8523678e37af9728f53aa2 
2018-05-26 19:17:10, INFO, 101.199.112.52, File[ D:\wwwroot\paymall\wwwroot\pay\sfb\sdk\secureUtil.php ], Line[58]------ 验签成功 
2018-05-26 19:46:12, INFO, 171.223.32.52, File[ D:\wwwroot\paymall\wwwroot\pay\sfb\sdk\secureUtil.php ], Line[71]------ 报文返回的证书ID> 
2018-05-26 19:46:12, INFO, 171.223.32.52, File[ D:\wwwroot\paymall\wwwroot\pay\sfb\sdk\secureUtil.php ], Line[74]------ 验证签名证书目录 :>./assets/certs/ 
2018-05-26 19:46:12, INFO, 171.223.32.52, File[ D:\wwwroot\paymall\wwwroot\pay\sfb\sdk\secureUtil.php ], Line[90]------ 没有找到证书ID为[]的证书 
2018-05-26 19:46:12, INFO, 171.223.32.52, File[ D:\wwwroot\paymall\wwwroot\pay\sfb\sdk\secureUtil.php ], Line[52]------ 报文去[signature] key=val&串> 
2018-05-26 19:46:12, INFO, 171.223.32.52, File[ D:\wwwroot\paymall\wwwroot\pay\sfb\sdk\secureUtil.php ], Line[56]------ 摘要shax16>da39a3ee5e6b4b0d3255bfef95601890afd80709 
2018-05-26 19:46:12, INFO, 171.223.32.52, File[ D:\wwwroot\paymall\wwwroot\pay\sfb\sdk\secureUtil.php ], Line[58]------ 验签失败 
2018-05-26 19:48:48, INFO, 106.120.161.66, File[ D:\wwwroot\paymall\wwwroot\pay\sfb\sdk\secureUtil.php ], Line[12]------ =====签名报文开始====== 
2018-05-26 19:48:48, INFO, 106.120.161.66, File[ D:\wwwroot\paymall\wwwroot\pay\sfb\sdk\secureUtil.php ], Line[18]------ 签名key=val&...串 >backUrl=http://pay.7zcyl.com/pay/sfb/notify_url.php&certId=1526265143868626&merId=7000000293&merchantNum=200370148160002&orderId=2018052619093384861&productCode=0202&signMethod=01&txnAmt=200&txnSubType=02&txnTime=20180526194848&txnType=02&version=1.0 
2018-05-26 19:48:48, INFO, 106.120.161.66, File[ D:\wwwroot\paymall\wwwroot\pay\sfb\sdk\secureUtil.php ], Line[21]------ 摘要sha1x16 >49d7e5b2fb4f5111d3685913583b989ec695bffb 
2018-05-26 19:48:49, INFO, 106.120.161.66, File[ D:\wwwroot\paymall\wwwroot\pay\sfb\sdk\secureUtil.php ], Line[28]------ 签名串为 >jQFNDhPUZ7uInaPS6D0D658pZfhS0+ujMhIH+EZiahbZ6WwRotlrqUDH9ZTYvms1pCQf/4npGBICq0v6htqF+tZ6HIzNXcrUjCRvicfKgsAG9QmGzlFTxyyqVQwIyTMXs3SraZf9ve6uipelg8vdiQ5ho5xVSecVmZFWeV8YNkaROz3fqcXWgozetQn8t502OVKYHsQ9OjK1+I8NdqG1EpCq9KsgNz0GXJ1cvdiu5rxl1VRGtkNgOr+vdDQSKOHvg7HX93UuA9VNq196K3XJPll7c4EAUctyxhhxpJi9z5haXQ11WyQybZCMG71vSnNwNKYB1KxLv0FWIerDeMr53Q== 
2018-05-26 19:48:49, INFO, 106.120.161.66, File[ D:\wwwroot\paymall\wwwroot\pay\sfb\sdk\secureUtil.php ], Line[33]------ =====签名报文结束====== 
2018-05-26 19:48:49, INFO, 106.120.161.66, File[ D:\wwwroot\paymall\wwwroot\pay\sfb\sdk\secureUtil.php ], Line[71]------ 报文返回的证书ID>1493192193960028 
2018-05-26 19:48:49, INFO, 106.120.161.66, File[ D:\wwwroot\paymall\wwwroot\pay\sfb\sdk\secureUtil.php ], Line[74]------ 验证签名证书目录 :>./assets/certs/ 
2018-05-26 19:48:49, INFO, 106.120.161.66, File[ D:\wwwroot\paymall\wwwroot\pay\sfb\sdk\secureUtil.php ], Line[84]------ 加载验签证书成功 
2018-05-26 19:48:49, INFO, 106.120.161.66, File[ D:\wwwroot\paymall\wwwroot\pay\sfb\sdk\secureUtil.php ], Line[52]------ 报文去[signature] key=val&串>backUrl=http://pay.7zcyl.com/pay/sfb/notify_url.php&certId=1493192193960028&merId=7000000293&merchantNum=200370148160002&orderId=2018052619093384861&productCode=0202&respCode=44&respMsg=订单异常[203007]&signMethod=01&txnAmt=200&txnSubType=02&txnTime=20180526194848&txnType=02&version=1.0 
2018-05-26 19:48:49, INFO, 106.120.161.66, File[ D:\wwwroot\paymall\wwwroot\pay\sfb\sdk\secureUtil.php ], Line[56]------ 摘要shax16>167955a461a4303c589ed0cb1607a2ca49a812eb 
2018-05-26 19:48:49, INFO, 106.120.161.66, File[ D:\wwwroot\paymall\wwwroot\pay\sfb\sdk\secureUtil.php ], Line[58]------ 验签成功 
2018-05-26 19:49:10, INFO, 101.199.110.107, File[ D:\wwwroot\paymall\wwwroot\pay\sfb\sdk\secureUtil.php ], Line[12]------ =====签名报文开始====== 
2018-05-26 19:49:10, INFO, 101.199.110.107, File[ D:\wwwroot\paymall\wwwroot\pay\sfb\sdk\secureUtil.php ], Line[18]------ 签名key=val&...串 >backUrl=http://pay.7zcyl.com/pay/sfb/notify_url.php&certId=1526265143868626&merId=7000000293&merchantNum=200370148160002&orderId=2018052619093384861&productCode=0202&signMethod=01&txnAmt=200&txnSubType=02&txnTime=20180526194910&txnType=02&version=1.0 
2018-05-26 19:49:10, INFO, 101.199.110.107, File[ D:\wwwroot\paymall\wwwroot\pay\sfb\sdk\secureUtil.php ], Line[21]------ 摘要sha1x16 >0540a595811b40f19b5af4284297405c1e0ad736 
2018-05-26 19:49:10, INFO, 101.199.110.107, File[ D:\wwwroot\paymall\wwwroot\pay\sfb\sdk\secureUtil.php ], Line[28]------ 签名串为 >DnHCvF9s1r/e3hlaaiy63j1ZIPBgZC4m9JMQ4zs2eJkFG005vFaDxTvo4mRLQOQv+j+8ZtifxvBhHR4hM7xN1Bkd3dsoLmASPQ6S9hZPGMOfx1mIaHdrbc+o7PXhYdpVtos91hC9/IvNN3LwQ1xSQUGMSl4/y6CHNXNrQgQeqyJ+sZMzMgp+eZRl38ooQ1TOKvvpmAHkv/elNLMm6Lwfo1drzqoj7O001cUdEVyPtzx4rulkhh7a1JOO2mubH482Oq0gW9oatuAI3FezzCJR5JKRBNUL+le5UObS2nHmVCrN8Nn7cZq0HT+te4LUt+nJwG3Mlmy3SdUzUmLvHXrGjg== 
2018-05-26 19:49:10, INFO, 101.199.110.107, File[ D:\wwwroot\paymall\wwwroot\pay\sfb\sdk\secureUtil.php ], Line[33]------ =====签名报文结束====== 
2018-05-26 19:49:10, INFO, 101.199.110.107, File[ D:\wwwroot\paymall\wwwroot\pay\sfb\sdk\secureUtil.php ], Line[71]------ 报文返回的证书ID>1493192193960028 
2018-05-26 19:49:10, INFO, 101.199.110.107, File[ D:\wwwroot\paymall\wwwroot\pay\sfb\sdk\secureUtil.php ], Line[74]------ 验证签名证书目录 :>./assets/certs/ 
2018-05-26 19:49:10, INFO, 101.199.110.107, File[ D:\wwwroot\paymall\wwwroot\pay\sfb\sdk\secureUtil.php ], Line[84]------ 加载验签证书成功 
2018-05-26 19:49:10, INFO, 101.199.110.107, File[ D:\wwwroot\paymall\wwwroot\pay\sfb\sdk\secureUtil.php ], Line[52]------ 报文去[signature] key=val&串>backUrl=http://pay.7zcyl.com/pay/sfb/notify_url.php&certId=1493192193960028&merId=7000000293&merchantNum=200370148160002&orderId=2018052619093384861&productCode=0202&respCode=44&respMsg=订单异常[203007]&signMethod=01&txnAmt=200&txnSubType=02&txnTime=20180526194910&txnType=02&version=1.0 
2018-05-26 19:49:10, INFO, 101.199.110.107, File[ D:\wwwroot\paymall\wwwroot\pay\sfb\sdk\secureUtil.php ], Line[56]------ 摘要shax16>7cca1e5655d5b6bdf10cb38b7da480c2c1bde3e6 
2018-05-26 19:49:10, INFO, 101.199.110.107, File[ D:\wwwroot\paymall\wwwroot\pay\sfb\sdk\secureUtil.php ], Line[58]------ 验签成功 
2018-05-26 20:04:52, INFO, 112.224.17.38, File[ D:\wwwroot\paymall\wwwroot\pay\sfb\sdk\secureUtil.php ], Line[12]------ =====签名报文开始====== 
2018-05-26 20:04:52, INFO, 112.224.17.38, File[ D:\wwwroot\paymall\wwwroot\pay\sfb\sdk\secureUtil.php ], Line[18]------ 签名key=val&...串 >backUrl=http://pay.7zcyl.com/pay/sfb/notify_url.php&certId=1526265143868626&merId=7000000293&merchantNum=200370148160002&orderId=2018052620045261017&productCode=0203&signMethod=01&txnAmt=200&txnSubType=03&txnTime=20180526200452&txnType=02&version=1.0 
2018-05-26 20:04:52, INFO, 112.224.17.38, File[ D:\wwwroot\paymall\wwwroot\pay\sfb\sdk\secureUtil.php ], Line[21]------ 摘要sha1x16 >f8f0068d647afd95f4e55e9455d1e0b1ab22d7d6 
2018-05-26 20:04:52, INFO, 112.224.17.38, File[ D:\wwwroot\paymall\wwwroot\pay\sfb\sdk\secureUtil.php ], Line[28]------ 签名串为 >Y/q9LM8xMKdXspB9Mz/RXLn5kHfk1ZhfGjUTkyII1NEh2xpK/MZwK0+iC1EQjlKe5JtZvh3zVNHrwe+d93zq2ntwoF2+PXq5XJq1Ri9f1wbWVASQoWBQpiG4o7PVFRMXqjcVW2e7JnG0pxaGAqxxv2lM99n9L5GkYGm7bvgui1ScF67JehydmoGcXd+hLkIQvCcQ9QCVJ4SP4TlyCLEV2MErbJVlxQIZgjr/Hq162KWizqvX+CV+K7pIcXWpt4lAM7OI+pPJ1xMFIDv63jyR/t84eFGnhO9exJFNIQ3VxA05gRZU4S21jXuC6h1Nqsi5MqHvFciWglqv4Zh8VZFoXQ== 
2018-05-26 20:04:52, INFO, 112.224.17.38, File[ D:\wwwroot\paymall\wwwroot\pay\sfb\sdk\secureUtil.php ], Line[33]------ =====签名报文结束====== 
2018-05-26 20:04:54, INFO, 112.224.17.38, File[ D:\wwwroot\paymall\wwwroot\pay\sfb\sdk\secureUtil.php ], Line[71]------ 报文返回的证书ID>1493192193960028 
2018-05-26 20:04:54, INFO, 112.224.17.38, File[ D:\wwwroot\paymall\wwwroot\pay\sfb\sdk\secureUtil.php ], Line[74]------ 验证签名证书目录 :>./assets/certs/ 
2018-05-26 20:04:54, INFO, 112.224.17.38, File[ D:\wwwroot\paymall\wwwroot\pay\sfb\sdk\secureUtil.php ], Line[84]------ 加载验签证书成功 
2018-05-26 20:04:54, INFO, 112.224.17.38, File[ D:\wwwroot\paymall\wwwroot\pay\sfb\sdk\secureUtil.php ], Line[52]------ 报文去[signature] key=val&串>backUrl=http://pay.7zcyl.com/pay/sfb/notify_url.php&certId=1493192193960028&merId=7000000293&merchantNum=200370148160002&orderId=2018052620045261017&payInfo=https://qr.alipay.com/bax026226hw79acptbfj60c7&productCode=0203&queryId=18052616785255102144&respCode=66&respMsg=交易成功&signMethod=01&txnAmt=200&txnSubType=03&txnTime=20180526200452&txnType=02&version=1.0 
2018-05-26 20:04:54, INFO, 112.224.17.38, File[ D:\wwwroot\paymall\wwwroot\pay\sfb\sdk\secureUtil.php ], Line[56]------ 摘要shax16>74d2e013e30ed22e5e0b87dba853b3b70b0cb364 
2018-05-26 20:04:54, INFO, 112.224.17.38, File[ D:\wwwroot\paymall\wwwroot\pay\sfb\sdk\secureUtil.php ], Line[58]------ 验签成功 
2018-05-26 20:05:59, INFO, 121.51.32.143, File[ D:\wwwroot\paymall\wwwroot\pay\sfb\sdk\secureUtil.php ], Line[12]------ =====签名报文开始====== 
2018-05-26 20:05:59, INFO, 121.51.32.143, File[ D:\wwwroot\paymall\wwwroot\pay\sfb\sdk\secureUtil.php ], Line[18]------ 签名key=val&...串 >backUrl=http://pay.7zcyl.com/pay/sfb/notify_url.php&certId=1526265143868626&merId=7000000293&merchantNum=200370148160002&orderId=2018052620045261017&productCode=0203&signMethod=01&txnAmt=200&txnSubType=03&txnTime=20180526200559&txnType=02&version=1.0 
2018-05-26 20:05:59, INFO, 121.51.32.143, File[ D:\wwwroot\paymall\wwwroot\pay\sfb\sdk\secureUtil.php ], Line[21]------ 摘要sha1x16 >9cba57a52d80f0474b3d171ed1f8d13722b43415 
2018-05-26 20:05:59, INFO, 121.51.32.143, File[ D:\wwwroot\paymall\wwwroot\pay\sfb\sdk\secureUtil.php ], Line[28]------ 签名串为 >islTA5jX2TWe1TD7imflptWPSd5oO3qOuM1eU4c5qp4EHBFuLb32CIiurMDy4U0fl8zg80z/h3w2XWi+/lgykrX8JMAFNFUDaTWaEw1TaXo+nqL9JMUvsStpfQaVN52pBME0I3qVrQOt3qX10oASYdZpO4MhS9m9iiBDzpTz0toFYXPTN8jCCcyvM/+P8q83q/OtCLtNzhFATABTsuwi6PaFfvBWa9pHtu6I50+xo7D3kqHpZVg+4wUxL2f3pHVr/Trw8bQzanABOv6M82xrPd2dDViJkrQSsytw/sI1MJ2Meh54zN5g2uaphFZJHtKzlB9V49znas3k0KRd6kc4tg== 
2018-05-26 20:05:59, INFO, 121.51.32.143, File[ D:\wwwroot\paymall\wwwroot\pay\sfb\sdk\secureUtil.php ], Line[33]------ =====签名报文结束====== 
2018-05-26 20:06:00, INFO, 121.51.32.143, File[ D:\wwwroot\paymall\wwwroot\pay\sfb\sdk\secureUtil.php ], Line[71]------ 报文返回的证书ID>1493192193960028 
2018-05-26 20:06:00, INFO, 121.51.32.143, File[ D:\wwwroot\paymall\wwwroot\pay\sfb\sdk\secureUtil.php ], Line[74]------ 验证签名证书目录 :>./assets/certs/ 
2018-05-26 20:06:00, INFO, 121.51.32.143, File[ D:\wwwroot\paymall\wwwroot\pay\sfb\sdk\secureUtil.php ], Line[84]------ 加载验签证书成功 
2018-05-26 20:06:00, INFO, 121.51.32.143, File[ D:\wwwroot\paymall\wwwroot\pay\sfb\sdk\secureUtil.php ], Line[52]------ 报文去[signature] key=val&串>backUrl=http://pay.7zcyl.com/pay/sfb/notify_url.php&certId=1493192193960028&merId=7000000293&merchantNum=200370148160002&orderId=2018052620045261017&productCode=0203&respCode=44&respMsg=订单异常[203007]&signMethod=01&txnAmt=200&txnSubType=03&txnTime=20180526200559&txnType=02&version=1.0 
2018-05-26 20:06:00, INFO, 121.51.32.143, File[ D:\wwwroot\paymall\wwwroot\pay\sfb\sdk\secureUtil.php ], Line[56]------ 摘要shax16>f47de5ceec7fb587f05b267036b9c1a90e3adf42 
2018-05-26 20:06:00, INFO, 121.51.32.143, File[ D:\wwwroot\paymall\wwwroot\pay\sfb\sdk\secureUtil.php ], Line[58]------ 验签成功 
2018-05-26 20:09:18, INFO, 171.223.32.52, File[ D:\wwwroot\paymall\wwwroot\pay\sfb\sdk\secureUtil.php ], Line[12]------ =====签名报文开始====== 
2018-05-26 20:09:18, INFO, 171.223.32.52, File[ D:\wwwroot\paymall\wwwroot\pay\sfb\sdk\secureUtil.php ], Line[18]------ 签名key=val&...串 >backUrl=http://pay.7zcyl.com/pay/sfb/notify_url.php&certId=1526265143868626&merId=7000000293&merchantNum=200370148160002&orderId=2018052620091886596&productCode=0202&signMethod=01&txnAmt=1&txnSubType=02&txnTime=20180526200918&txnType=02&version=1.0 
2018-05-26 20:09:18, INFO, 171.223.32.52, File[ D:\wwwroot\paymall\wwwroot\pay\sfb\sdk\secureUtil.php ], Line[21]------ 摘要sha1x16 >abada4e0697790e08a01474b3422f7d01f47a21e 
2018-05-26 20:09:18, INFO, 171.223.32.52, File[ D:\wwwroot\paymall\wwwroot\pay\sfb\sdk\secureUtil.php ], Line[28]------ 签名串为 >icFbCMJsJnAcmtGESjWXWyeyPaHf9yIsffcx2b/7S4iKbRYMCXbTEyH0dyXZ+QfaaBWWkqNt03EFV3sglelZBqCFCca0qY5qZgOd7ogZOPXv2A10f4HhK0okkqpT2UJHCVcHhJiPlwTbGiQEu7pCuFRMddpZ4hiWMCU4vHAIsIQ+l1rLhvXfeO1+/G3z7/S9vql9U/Iq8hhiEHsVQmdytWNZiW6QMiIff5gXfqadeoNWVrKRHNPUNvkBR5OpxTc9554EXVLVCZ9ns4LZiLsgVk01mCfnlL940jJA1E8+wAQOL2evcodzN4QfGWnZ2it8pkHpf8AvjlnGlHAchnPYsA== 
2018-05-26 20:09:18, INFO, 171.223.32.52, File[ D:\wwwroot\paymall\wwwroot\pay\sfb\sdk\secureUtil.php ], Line[33]------ =====签名报文结束====== 
2018-05-26 20:09:21, INFO, 171.223.32.52, File[ D:\wwwroot\paymall\wwwroot\pay\sfb\sdk\secureUtil.php ], Line[71]------ 报文返回的证书ID>1493192193960028 
2018-05-26 20:09:21, INFO, 171.223.32.52, File[ D:\wwwroot\paymall\wwwroot\pay\sfb\sdk\secureUtil.php ], Line[74]------ 验证签名证书目录 :>./assets/certs/ 
2018-05-26 20:09:21, INFO, 171.223.32.52, File[ D:\wwwroot\paymall\wwwroot\pay\sfb\sdk\secureUtil.php ], Line[84]------ 加载验签证书成功 
2018-05-26 20:09:21, INFO, 171.223.32.52, File[ D:\wwwroot\paymall\wwwroot\pay\sfb\sdk\secureUtil.php ], Line[52]------ 报文去[signature] key=val&串>backUrl=http://pay.7zcyl.com/pay/sfb/notify_url.php&certId=1493192193960028&merId=7000000293&merchantNum=200370148160002&orderId=2018052620091886596&payInfo=weixin://wxpay/bizpayurl?pr=vRyS3lZ&productCode=0202&queryId=18052619471015650521&respCode=66&respMsg=交易成功&signMethod=01&txnAmt=1&txnSubType=02&txnTime=20180526200918&txnType=02&version=1.0 
2018-05-26 20:09:21, INFO, 171.223.32.52, File[ D:\wwwroot\paymall\wwwroot\pay\sfb\sdk\secureUtil.php ], Line[56]------ 摘要shax16>9f549ff4bb6b3c5b1adb2bd03d1c6ced69bfddd8 
2018-05-26 20:09:21, INFO, 171.223.32.52, File[ D:\wwwroot\paymall\wwwroot\pay\sfb\sdk\secureUtil.php ], Line[58]------ 验签成功 
2018-05-26 20:11:46, INFO, 171.223.32.52, File[ D:\wwwroot\paymall\wwwroot\pay\sfb\sdk\secureUtil.php ], Line[71]------ 报文返回的证书ID> 
2018-05-26 20:11:46, INFO, 171.223.32.52, File[ D:\wwwroot\paymall\wwwroot\pay\sfb\sdk\secureUtil.php ], Line[74]------ 验证签名证书目录 :>./assets/certs/ 
2018-05-26 20:11:46, INFO, 171.223.32.52, File[ D:\wwwroot\paymall\wwwroot\pay\sfb\sdk\secureUtil.php ], Line[90]------ 没有找到证书ID为[]的证书 
2018-05-26 20:11:46, INFO, 171.223.32.52, File[ D:\wwwroot\paymall\wwwroot\pay\sfb\sdk\secureUtil.php ], Line[52]------ 报文去[signature] key=val&串> 
2018-05-26 20:11:46, INFO, 171.223.32.52, File[ D:\wwwroot\paymall\wwwroot\pay\sfb\sdk\secureUtil.php ], Line[56]------ 摘要shax16>da39a3ee5e6b4b0d3255bfef95601890afd80709 
2018-05-26 20:11:46, INFO, 171.223.32.52, File[ D:\wwwroot\paymall\wwwroot\pay\sfb\sdk\secureUtil.php ], Line[58]------ 验签失败 
2018-05-26 21:34:17, INFO, 61.151.225.155, File[ D:\wwwroot\paymall\wwwroot\pay\sfb\sdk\secureUtil.php ], Line[71]------ 报文返回的证书ID> 
2018-05-26 21:34:17, INFO, 61.151.225.155, File[ D:\wwwroot\paymall\wwwroot\pay\sfb\sdk\secureUtil.php ], Line[74]------ 验证签名证书目录 :>./assets/certs/ 
2018-05-26 21:34:17, INFO, 61.151.225.155, File[ D:\wwwroot\paymall\wwwroot\pay\sfb\sdk\secureUtil.php ], Line[90]------ 没有找到证书ID为[]的证书 
2018-05-26 21:34:17, INFO, 61.151.225.155, File[ D:\wwwroot\paymall\wwwroot\pay\sfb\sdk\secureUtil.php ], Line[52]------ 报文去[signature] key=val&串> 
2018-05-26 21:34:17, INFO, 61.151.225.155, File[ D:\wwwroot\paymall\wwwroot\pay\sfb\sdk\secureUtil.php ], Line[56]------ 摘要shax16>da39a3ee5e6b4b0d3255bfef95601890afd80709 
2018-05-26 21:34:17, INFO, 61.151.225.155, File[ D:\wwwroot\paymall\wwwroot\pay\sfb\sdk\secureUtil.php ], Line[58]------ 验签失败 
2018-05-26 21:34:20, INFO, 171.223.32.52, File[ D:\wwwroot\paymall\wwwroot\pay\sfb\sdk\secureUtil.php ], Line[71]------ 报文返回的证书ID> 
2018-05-26 21:34:20, INFO, 171.223.32.52, File[ D:\wwwroot\paymall\wwwroot\pay\sfb\sdk\secureUtil.php ], Line[74]------ 验证签名证书目录 :>./assets/certs/ 
2018-05-26 21:34:20, INFO, 171.223.32.52, File[ D:\wwwroot\paymall\wwwroot\pay\sfb\sdk\secureUtil.php ], Line[90]------ 没有找到证书ID为[]的证书 
2018-05-26 21:34:20, INFO, 171.223.32.52, File[ D:\wwwroot\paymall\wwwroot\pay\sfb\sdk\secureUtil.php ], Line[52]------ 报文去[signature] key=val&串> 
2018-05-26 21:34:20, INFO, 171.223.32.52, File[ D:\wwwroot\paymall\wwwroot\pay\sfb\sdk\secureUtil.php ], Line[56]------ 摘要shax16>da39a3ee5e6b4b0d3255bfef95601890afd80709 
2018-05-26 21:34:20, INFO, 171.223.32.52, File[ D:\wwwroot\paymall\wwwroot\pay\sfb\sdk\secureUtil.php ], Line[58]------ 验签失败 
2018-05-26 21:34:26, INFO, 112.224.2.184, File[ D:\wwwroot\paymall\wwwroot\pay\sfb\sdk\secureUtil.php ], Line[71]------ 报文返回的证书ID> 
2018-05-26 21:34:26, INFO, 112.224.2.184, File[ D:\wwwroot\paymall\wwwroot\pay\sfb\sdk\secureUtil.php ], Line[74]------ 验证签名证书目录 :>./assets/certs/ 
2018-05-26 21:34:26, INFO, 112.224.2.184, File[ D:\wwwroot\paymall\wwwroot\pay\sfb\sdk\secureUtil.php ], Line[90]------ 没有找到证书ID为[]的证书 
2018-05-26 21:34:26, INFO, 112.224.2.184, File[ D:\wwwroot\paymall\wwwroot\pay\sfb\sdk\secureUtil.php ], Line[52]------ 报文去[signature] key=val&串> 
2018-05-26 21:34:26, INFO, 112.224.2.184, File[ D:\wwwroot\paymall\wwwroot\pay\sfb\sdk\secureUtil.php ], Line[56]------ 摘要shax16>da39a3ee5e6b4b0d3255bfef95601890afd80709 
2018-05-26 21:34:26, INFO, 112.224.2.184, File[ D:\wwwroot\paymall\wwwroot\pay\sfb\sdk\secureUtil.php ], Line[58]------ 验签失败 
2018-05-26 21:34:55, INFO, 171.223.32.52, File[ D:\wwwroot\paymall\wwwroot\pay\sfb\sdk\secureUtil.php ], Line[71]------ 报文返回的证书ID> 
2018-05-26 21:34:55, INFO, 171.223.32.52, File[ D:\wwwroot\paymall\wwwroot\pay\sfb\sdk\secureUtil.php ], Line[74]------ 验证签名证书目录 :>./assets/certs/ 
2018-05-26 21:34:55, INFO, 171.223.32.52, File[ D:\wwwroot\paymall\wwwroot\pay\sfb\sdk\secureUtil.php ], Line[90]------ 没有找到证书ID为[]的证书 
2018-05-26 21:34:55, INFO, 171.223.32.52, File[ D:\wwwroot\paymall\wwwroot\pay\sfb\sdk\secureUtil.php ], Line[52]------ 报文去[signature] key=val&串> 
2018-05-26 21:34:55, INFO, 171.223.32.52, File[ D:\wwwroot\paymall\wwwroot\pay\sfb\sdk\secureUtil.php ], Line[56]------ 摘要shax16>da39a3ee5e6b4b0d3255bfef95601890afd80709 
2018-05-26 21:34:55, INFO, 171.223.32.52, File[ D:\wwwroot\paymall\wwwroot\pay\sfb\sdk\secureUtil.php ], Line[58]------ 验签失败 
2018-05-26 21:35:02, INFO, 112.224.2.184, File[ D:\wwwroot\paymall\wwwroot\pay\sfb\sdk\secureUtil.php ], Line[71]------ 报文返回的证书ID> 
2018-05-26 21:35:02, INFO, 112.224.2.184, File[ D:\wwwroot\paymall\wwwroot\pay\sfb\sdk\secureUtil.php ], Line[74]------ 验证签名证书目录 :>./assets/certs/ 
2018-05-26 21:35:02, INFO, 112.224.2.184, File[ D:\wwwroot\paymall\wwwroot\pay\sfb\sdk\secureUtil.php ], Line[90]------ 没有找到证书ID为[]的证书 
2018-05-26 21:35:02, INFO, 112.224.2.184, File[ D:\wwwroot\paymall\wwwroot\pay\sfb\sdk\secureUtil.php ], Line[52]------ 报文去[signature] key=val&串> 
2018-05-26 21:35:02, INFO, 112.224.2.184, File[ D:\wwwroot\paymall\wwwroot\pay\sfb\sdk\secureUtil.php ], Line[56]------ 摘要shax16>da39a3ee5e6b4b0d3255bfef95601890afd80709 
2018-05-26 21:35:02, INFO, 112.224.2.184, File[ D:\wwwroot\paymall\wwwroot\pay\sfb\sdk\secureUtil.php ], Line[58]------ 验签失败 
2018-05-26 21:35:14, INFO, 61.151.226.143, File[ D:\wwwroot\paymall\wwwroot\pay\sfb\sdk\secureUtil.php ], Line[71]------ 报文返回的证书ID> 
2018-05-26 21:35:14, INFO, 61.151.226.143, File[ D:\wwwroot\paymall\wwwroot\pay\sfb\sdk\secureUtil.php ], Line[74]------ 验证签名证书目录 :>./assets/certs/ 
2018-05-26 21:35:14, INFO, 61.151.226.143, File[ D:\wwwroot\paymall\wwwroot\pay\sfb\sdk\secureUtil.php ], Line[90]------ 没有找到证书ID为[]的证书 
2018-05-26 21:35:14, INFO, 61.151.226.143, File[ D:\wwwroot\paymall\wwwroot\pay\sfb\sdk\secureUtil.php ], Line[52]------ 报文去[signature] key=val&串> 
2018-05-26 21:35:14, INFO, 61.151.226.143, File[ D:\wwwroot\paymall\wwwroot\pay\sfb\sdk\secureUtil.php ], Line[56]------ 摘要shax16>da39a3ee5e6b4b0d3255bfef95601890afd80709 
2018-05-26 21:35:14, INFO, 61.151.226.143, File[ D:\wwwroot\paymall\wwwroot\pay\sfb\sdk\secureUtil.php ], Line[58]------ 验签失败 
2018-05-26 21:35:57, INFO, 171.223.32.52, File[ D:\wwwroot\paymall\wwwroot\pay\sfb\sdk\secureUtil.php ], Line[71]------ 报文返回的证书ID> 
2018-05-26 21:35:57, INFO, 171.223.32.52, File[ D:\wwwroot\paymall\wwwroot\pay\sfb\sdk\secureUtil.php ], Line[74]------ 验证签名证书目录 :>./assets/certs/ 
2018-05-26 21:35:57, INFO, 171.223.32.52, File[ D:\wwwroot\paymall\wwwroot\pay\sfb\sdk\secureUtil.php ], Line[90]------ 没有找到证书ID为[]的证书 
2018-05-26 21:35:57, INFO, 171.223.32.52, File[ D:\wwwroot\paymall\wwwroot\pay\sfb\sdk\secureUtil.php ], Line[52]------ 报文去[signature] key=val&串> 
2018-05-26 21:35:57, INFO, 171.223.32.52, File[ D:\wwwroot\paymall\wwwroot\pay\sfb\sdk\secureUtil.php ], Line[56]------ 摘要shax16>da39a3ee5e6b4b0d3255bfef95601890afd80709 
2018-05-26 21:35:57, INFO, 171.223.32.52, File[ D:\wwwroot\paymall\wwwroot\pay\sfb\sdk\secureUtil.php ], Line[58]------ 验签失败 
2018-05-26 21:55:01, INFO, 106.120.161.66, File[ D:\wwwroot\paymall\wwwroot\pay\sfb\sdk\secureUtil.php ], Line[71]------ 报文返回的证书ID> 
2018-05-26 21:55:01, INFO, 106.120.161.66, File[ D:\wwwroot\paymall\wwwroot\pay\sfb\sdk\secureUtil.php ], Line[74]------ 验证签名证书目录 :>./assets/certs/ 
2018-05-26 21:55:01, INFO, 106.120.161.66, File[ D:\wwwroot\paymall\wwwroot\pay\sfb\sdk\secureUtil.php ], Line[90]------ 没有找到证书ID为[]的证书 
2018-05-26 21:55:01, INFO, 106.120.161.66, File[ D:\wwwroot\paymall\wwwroot\pay\sfb\sdk\secureUtil.php ], Line[52]------ 报文去[signature] key=val&串> 
2018-05-26 21:55:01, INFO, 106.120.161.66, File[ D:\wwwroot\paymall\wwwroot\pay\sfb\sdk\secureUtil.php ], Line[56]------ 摘要shax16>da39a3ee5e6b4b0d3255bfef95601890afd80709 
2018-05-26 21:55:01, INFO, 106.120.161.66, File[ D:\wwwroot\paymall\wwwroot\pay\sfb\sdk\secureUtil.php ], Line[58]------ 验签失败 
2018-05-26 22:56:03, INFO, unknown, File[ D:\wwwroot\paymall\wwwroot\pay\sfb\sdk\secureUtil.php ], Line[71]------ 报文返回的证书ID> 
2018-05-26 22:56:03, INFO, unknown, File[ D:\wwwroot\paymall\wwwroot\pay\sfb\sdk\secureUtil.php ], Line[74]------ 验证签名证书目录 :>./assets/certs/ 
2018-05-26 22:56:03, INFO, unknown, File[ D:\wwwroot\paymall\wwwroot\pay\sfb\sdk\secureUtil.php ], Line[90]------ 没有找到证书ID为[]的证书 
2018-05-26 22:56:03, INFO, unknown, File[ D:\wwwroot\paymall\wwwroot\pay\sfb\sdk\secureUtil.php ], Line[52]------ 报文去[signature] key=val&串> 
2018-05-26 22:56:03, INFO, unknown, File[ D:\wwwroot\paymall\wwwroot\pay\sfb\sdk\secureUtil.php ], Line[56]------ 摘要shax16>da39a3ee5e6b4b0d3255bfef95601890afd80709 
2018-05-26 22:56:03, INFO, unknown, File[ D:\wwwroot\paymall\wwwroot\pay\sfb\sdk\secureUtil.php ], Line[58]------ 验签失败 
2018-05-26 22:56:03, INFO, unknown, File[ D:\wwwroot\paymall\wwwroot\pay\sfb\sdk\secureUtil.php ], Line[71]------ 报文返回的证书ID> 
2018-05-26 22:56:03, INFO, unknown, File[ D:\wwwroot\paymall\wwwroot\pay\sfb\sdk\secureUtil.php ], Line[74]------ 验证签名证书目录 :>./assets/certs/ 
2018-05-26 22:56:03, INFO, unknown, File[ D:\wwwroot\paymall\wwwroot\pay\sfb\sdk\secureUtil.php ], Line[90]------ 没有找到证书ID为[]的证书 
2018-05-26 22:56:03, INFO, unknown, File[ D:\wwwroot\paymall\wwwroot\pay\sfb\sdk\secureUtil.php ], Line[52]------ 报文去[signature] key=val&串> 
2018-05-26 22:56:03, INFO, unknown, File[ D:\wwwroot\paymall\wwwroot\pay\sfb\sdk\secureUtil.php ], Line[56]------ 摘要shax16>da39a3ee5e6b4b0d3255bfef95601890afd80709 
2018-05-26 22:56:03, INFO, unknown, File[ D:\wwwroot\paymall\wwwroot\pay\sfb\sdk\secureUtil.php ], Line[58]------ 验签失败 
2018-05-26 22:56:23, INFO, 101.199.112.55, File[ D:\wwwroot\paymall\wwwroot\pay\sfb\sdk\secureUtil.php ], Line[71]------ 报文返回的证书ID> 
2018-05-26 22:56:23, INFO, 101.199.112.55, File[ D:\wwwroot\paymall\wwwroot\pay\sfb\sdk\secureUtil.php ], Line[74]------ 验证签名证书目录 :>./assets/certs/ 
2018-05-26 22:56:23, INFO, 101.199.112.55, File[ D:\wwwroot\paymall\wwwroot\pay\sfb\sdk\secureUtil.php ], Line[90]------ 没有找到证书ID为[]的证书 
2018-05-26 22:56:23, INFO, 101.199.112.55, File[ D:\wwwroot\paymall\wwwroot\pay\sfb\sdk\secureUtil.php ], Line[52]------ 报文去[signature] key=val&串> 
2018-05-26 22:56:23, INFO, 101.199.112.55, File[ D:\wwwroot\paymall\wwwroot\pay\sfb\sdk\secureUtil.php ], Line[56]------ 摘要shax16>da39a3ee5e6b4b0d3255bfef95601890afd80709 
2018-05-26 22:56:23, INFO, 101.199.112.55, File[ D:\wwwroot\paymall\wwwroot\pay\sfb\sdk\secureUtil.php ], Line[58]------ 验签失败 
2018-05-26 22:56:52, INFO, 210.209.70.55, File[ D:\wwwroot\paymall\wwwroot\pay\sfb\sdk\secureUtil.php ], Line[71]------ 报文返回的证书ID> 
2018-05-26 22:56:52, INFO, 210.209.70.55, File[ D:\wwwroot\paymall\wwwroot\pay\sfb\sdk\secureUtil.php ], Line[74]------ 验证签名证书目录 :>./assets/certs/ 
2018-05-26 22:56:52, INFO, 210.209.70.55, File[ D:\wwwroot\paymall\wwwroot\pay\sfb\sdk\secureUtil.php ], Line[90]------ 没有找到证书ID为[]的证书 
2018-05-26 22:56:52, INFO, 210.209.70.55, File[ D:\wwwroot\paymall\wwwroot\pay\sfb\sdk\secureUtil.php ], Line[52]------ 报文去[signature] key=val&串> 
2018-05-26 22:56:52, INFO, 210.209.70.55, File[ D:\wwwroot\paymall\wwwroot\pay\sfb\sdk\secureUtil.php ], Line[56]------ 摘要shax16>da39a3ee5e6b4b0d3255bfef95601890afd80709 
2018-05-26 22:56:52, INFO, 210.209.70.55, File[ D:\wwwroot\paymall\wwwroot\pay\sfb\sdk\secureUtil.php ], Line[58]------ 验签失败 
2018-05-26 22:56:53, INFO, unknown, File[ D:\wwwroot\paymall\wwwroot\pay\sfb\sdk\secureUtil.php ], Line[71]------ 报文返回的证书ID> 
2018-05-26 22:56:53, INFO, unknown, File[ D:\wwwroot\paymall\wwwroot\pay\sfb\sdk\secureUtil.php ], Line[74]------ 验证签名证书目录 :>./assets/certs/ 
2018-05-26 22:56:53, INFO, unknown, File[ D:\wwwroot\paymall\wwwroot\pay\sfb\sdk\secureUtil.php ], Line[90]------ 没有找到证书ID为[]的证书 
2018-05-26 22:56:53, INFO, unknown, File[ D:\wwwroot\paymall\wwwroot\pay\sfb\sdk\secureUtil.php ], Line[52]------ 报文去[signature] key=val&串> 
2018-05-26 22:56:53, INFO, unknown, File[ D:\wwwroot\paymall\wwwroot\pay\sfb\sdk\secureUtil.php ], Line[56]------ 摘要shax16>da39a3ee5e6b4b0d3255bfef95601890afd80709 
2018-05-26 22:56:53, INFO, unknown, File[ D:\wwwroot\paymall\wwwroot\pay\sfb\sdk\secureUtil.php ], Line[58]------ 验签失败 
