[ 2018-12-07T16:56:04+08:00 ] 47.52.175.41 /index.php/Admin/main/index.html
INFO: [ app_init ] --START--
INFO: Run Behavior\BuildLiteBehavior [ RunTime:0.000000s ]
INFO: [ app_init ] --END-- [ RunTime:0.000000s ]
INFO: [ app_begin ] --START--
INFO: Run Behavior\ReadHtmlCacheBehavior [ RunTime:0.000000s ]
INFO: [ app_begin ] --END-- [ RunTime:0.000000s ]
SQL: SHOW COLUMNS FROM `p_order` [ RunTime:0.0039s ]
SQL: SELECT SUM(order_money) AS tp_sum FROM `p_order` WHERE ( pay_status=1 and pay_type=1 ) LIMIT 1   [ RunTime:0.0068s ]
SQL: SELECT SUM(order_money) AS tp_sum FROM `p_order` WHERE ( pay_status=1 and pay_type=2 ) LIMIT 1   [ RunTime:0.0020s ]
SQL: SELECT COUNT(*) AS tp_count FROM `p_order` WHERE ( pay_status=1 and pay_type=1 ) LIMIT 1   [ RunTime:0.0010s ]
SQL: SELECT COUNT(*) AS tp_count FROM `p_order` WHERE ( pay_status=1 and pay_type=2 ) LIMIT 1   [ RunTime:0.0010s ]
SQL: SELECT COUNT(*) AS tp_count FROM `p_order` WHERE ( pay_status=-1 and pay_type=1 ) LIMIT 1   [ RunTime:0.0127s ]
SQL: SELECT COUNT(*) AS tp_count FROM `p_order` WHERE ( pay_status=-1 and pay_type=2 ) LIMIT 1   [ RunTime:0.0020s ]
INFO: [ view_parse ] --START--
INFO: [ template_filter ] --START--
INFO: Run Behavior\ContentReplaceBehavior [ RunTime:0.000976s ]
INFO: [ template_filter ] --END-- [ RunTime:0.000976s ]
NOTIC: [8] Undefined index: param E:\HwsHostMaster\wwwroot\rootftp_da7cj9\web\Application\Runtime\Cache\Admin\ceb25a752d454a3315706634952427db.php 第 241 行.
NOTIC: [8] Undefined index: param E:\HwsHostMaster\wwwroot\rootftp_da7cj9\web\Application\Runtime\Cache\Admin\ceb25a752d454a3315706634952427db.php 第 250 行.
NOTIC: [8] Undefined index: param E:\HwsHostMaster\wwwroot\rootftp_da7cj9\web\Application\Runtime\Cache\Admin\ceb25a752d454a3315706634952427db.php 第 250 行.
NOTIC: [8] Undefined index: param E:\HwsHostMaster\wwwroot\rootftp_da7cj9\web\Application\Runtime\Cache\Admin\ceb25a752d454a3315706634952427db.php 第 241 行.
NOTIC: [8] Undefined index: param E:\HwsHostMaster\wwwroot\rootftp_da7cj9\web\Application\Runtime\Cache\Admin\ceb25a752d454a3315706634952427db.php 第 250 行.
NOTIC: [8] Undefined index: param E:\HwsHostMaster\wwwroot\rootftp_da7cj9\web\Application\Runtime\Cache\Admin\ceb25a752d454a3315706634952427db.php 第 250 行.
NOTIC: [8] Undefined index: param E:\HwsHostMaster\wwwroot\rootftp_da7cj9\web\Application\Runtime\Cache\Admin\ceb25a752d454a3315706634952427db.php 第 250 行.
NOTIC: [8] Undefined index: param E:\HwsHostMaster\wwwroot\rootftp_da7cj9\web\Application\Runtime\Cache\Admin\ceb25a752d454a3315706634952427db.php 第 250 行.
NOTIC: [8] Undefined index: param E:\HwsHostMaster\wwwroot\rootftp_da7cj9\web\Application\Runtime\Cache\Admin\ceb25a752d454a3315706634952427db.php 第 250 行.
NOTIC: [8] Undefined index: param E:\HwsHostMaster\wwwroot\rootftp_da7cj9\web\Application\Runtime\Cache\Admin\ceb25a752d454a3315706634952427db.php 第 241 行.
NOTIC: [8] Undefined index: param E:\HwsHostMaster\wwwroot\rootftp_da7cj9\web\Application\Runtime\Cache\Admin\ceb25a752d454a3315706634952427db.php 第 250 行.
NOTIC: [8] Undefined index: param E:\HwsHostMaster\wwwroot\rootftp_da7cj9\web\Application\Runtime\Cache\Admin\ceb25a752d454a3315706634952427db.php 第 250 行.
NOTIC: [8] Undefined index: param E:\HwsHostMaster\wwwroot\rootftp_da7cj9\web\Application\Runtime\Cache\Admin\ceb25a752d454a3315706634952427db.php 第 250 行.
NOTIC: [8] Undefined index: param E:\HwsHostMaster\wwwroot\rootftp_da7cj9\web\Application\Runtime\Cache\Admin\ceb25a752d454a3315706634952427db.php 第 250 行.
NOTIC: [8] Undefined index: param E:\HwsHostMaster\wwwroot\rootftp_da7cj9\web\Application\Runtime\Cache\Admin\ceb25a752d454a3315706634952427db.php 第 250 行.
NOTIC: [8] Undefined index: param E:\HwsHostMaster\wwwroot\rootftp_da7cj9\web\Application\Runtime\Cache\Admin\ceb25a752d454a3315706634952427db.php 第 241 行.
NOTIC: [8] Undefined index: param E:\HwsHostMaster\wwwroot\rootftp_da7cj9\web\Application\Runtime\Cache\Admin\ceb25a752d454a3315706634952427db.php 第 250 行.
NOTIC: [8] Undefined index: param E:\HwsHostMaster\wwwroot\rootftp_da7cj9\web\Application\Runtime\Cache\Admin\ceb25a752d454a3315706634952427db.php 第 250 行.
NOTIC: [8] Undefined index: param E:\HwsHostMaster\wwwroot\rootftp_da7cj9\web\Application\Runtime\Cache\Admin\ceb25a752d454a3315706634952427db.php 第 250 行.
INFO: Run Behavior\ParseTemplateBehavior [ RunTime:0.021485s ]
INFO: [ view_parse ] --END-- [ RunTime:0.021485s ]
INFO: [ view_filter ] --START--
INFO: Run Behavior\WriteHtmlCacheBehavior [ RunTime:0.000977s ]
INFO: [ view_filter ] --END-- [ RunTime:0.000977s ]
INFO: [ app_end ] --START--
INFO: Run Behavior\ShowPageTraceBehavior [ RunTime:0.000000s ]
INFO: [ app_end ] --END-- [ RunTime:0.000000s ]

